<?xml version="1.0" encoding="UTF-8"?>
<robot generator="Robot 3.2.2 (Python 3.9.2 on win32)" generated="20210314 21:51:25.124" rpa="false">
<suite id="s1" name="TestCases" source="C:\robot_projects\RF_GUI_API\TestCases">
<suite id="s1-s1" name="API" source="C:\robot_projects\RF_GUI_API\TestCases\API">
<suite id="s1-s1-s1" name="Breeds" source="C:\robot_projects\RF_GUI_API\TestCases\API\Breeds">
<suite id="s1-s1-s1-s1" name="GET Breeds" source="C:\robot_projects\RF_GUI_API\TestCases\API\Breeds\GET_Breeds.robot">
<kw name="Create API Session" library="API_Base_Resources" type="setup">
<kw name="Create Session" library="RequestsLibrary">
<doc>Create Session: create a HTTP session to a server</doc>
<arguments>
<arg>alias=${API_ALIAS}</arg>
<arg>url=${API_HOST}</arg>
<arg>disable_warnings=True</arg>
</arguments>
<msg timestamp="20210314 21:51:25.524" level="INFO">Creating Session using : alias=mycat, url=https://api.thecatapi.com, headers={},                     cookies={}, auth=None, timeout=None, proxies=None, verify=False,                     debug=0 </msg>
<status status="PASS" starttime="20210314 21:51:25.524" endtime="20210314 21:51:25.524"></status>
</kw>
<kw name="Session Exists" library="RequestsLibrary">
<doc>Return True if the session has been already created</doc>
<arguments>
<arg>${API_ALIAS}</arg>
</arguments>
<assign>
<var>${exists}</var>
</assign>
<msg timestamp="20210314 21:51:25.524" level="INFO">${exists} = True</msg>
<status status="PASS" starttime="20210314 21:51:25.524" endtime="20210314 21:51:25.525"></status>
</kw>
<kw name="Should Be True" library="BuiltIn">
<doc>Fails if the given condition is not true.</doc>
<arguments>
<arg>${exists}</arg>
<arg>msg= Check your session creation!</arg>
</arguments>
<status status="PASS" starttime="20210314 21:51:25.525" endtime="20210314 21:51:25.525"></status>
</kw>
<status status="PASS" starttime="20210314 21:51:25.524" endtime="20210314 21:51:25.525"></status>
</kw>
<test id="s1-s1-s1-s1-t1" name="Getting Cat Breed List">
<kw name="GET Cat Breed List By Name" library="API_Breed_Endpoint">
<kw name="Create Dictionary" library="BuiltIn">
<doc>Creates and returns a dictionary based on the given ``items``.</doc>
<arguments>
<arg>attach_breed=0</arg>
</arguments>
<assign>
<var>&amp;{PARAMS}</var>
</assign>
<msg timestamp="20210314 21:51:25.526" level="INFO">&amp;{PARAMS} = { attach_breed=0 }</msg>
<status status="PASS" starttime="20210314 21:51:25.525" endtime="20210314 21:51:25.526"></status>
</kw>
<kw name="Get On Session" library="RequestsLibrary">
<doc>Sends a GET request on a previously created HTTP Session.</doc>
<arguments>
<arg>alias=${API_ALIAS}</arg>
<arg>url=${PATH_BREED_LIST}</arg>
<arg>params=${PARAMS}</arg>
</arguments>
<assign>
<var>${BREED_LIST}</var>
</assign>
<msg timestamp="20210314 21:51:26.819" level="INFO">GET Request : url=https://api.thecatapi.com/v1/breeds?attach_breed=0 
 path_url=/v1/breeds?attach_breed=0 
 headers={'User-Agent': 'python-requests/2.25.1', 'Accept-Encoding': 'gzip, deflate', 'Accept': '*/*', 'Connection': 'keep-alive'} 
 body=None 
 </msg>
<msg timestamp="20210314 21:51:26.820" level="INFO">GET Response : url=https://api.thecatapi.com/v1/breeds?attach_breed=0 
 status=200, reason=OK 
 headers={'Date': 'Mon, 15 Mar 2021 00:51:37 GMT', 'Content-Type': 'application/json; charset=utf-8', 'Content-Length': '83744', 'Connection': 'keep-alive', 'Server': 'nginx/1.18.0', 'X-DNS-Prefetch-Control': 'off', 'X-Frame-Options': 'SAMEORIGIN', 'Strict-Transport-Security': 'max-age=15552000; includeSubDomains', 'X-Download-Options': 'noopen', 'X-Content-Type-Options': 'nosniff', 'X-XSS-Protection': '1; mode=block', 'Vary': 'Origin', 'Pagination-Count': '67', 'Pagination-Page': '0', 'Pagination-Limit': '1000', 'Access-Control-Expose-Headers': 'Pagination-Count, Pagination-Page, Pagination-Limit', 'X-Response-Time': '5ms'} 
 body=[{"weight":{"imperial":"7  -  10","metric":"3 - 5"},"id":"abys","name":"Abyssinian","cfa_url":"http://cfa.org/Breeds/BreedsAB/Abyssinian.aspx","vetstreet_url":"http://www.vetstreet.com/cats/abyssinian","vcahospitals_url":"https://vcahospitals.com/know-your-pet/cat-breeds/abyssinian","temperament":"Active, Energetic, Independent, Intelligent, Gentle","origin":"Egypt","country_codes":"EG","country_code":"EG","description":"The Abyssinian is easy to care for, and a joy to have in your home. They’re affectionate cats and love both people and other animals.","life_span":"14 - 15","indoor":0,"lap":1,"alt_names":"","adaptability":5,"affection_level":5,"child_friendly":3,"dog_friendly":4,"energy_level":5,"grooming":1,"health_issues":2,"intelligence":5,"shedding_level":2,"social_needs":5,"stranger_friendly":5,"vocalisation":1,"experimental":0,"hairless":0,"natural":1,"rare":0,"rex":0,"suppressed_tail":0,"short_legs":0,"wikipedia_url":"https://en.wikipedia.org/wiki/Abyssinian_(cat)","hypoallergenic":0,"reference_image_id":"0XYvRd7oD","image":{"id":"0XYvRd7oD","width":1204,"height":1445,"url":"https://cdn2.thecatapi.com/images/0XYvRd7oD.jpg"}},{"weight":{"imperial":"7 - 10","metric":"3 - 5"},"id":"aege","name":"Aegean","vetstreet_url":"http://www.vetstreet.com/cats/aegean-cat","temperament":"Affectionate, Social, Intelligent, Playful, Active","origin":"Greece","country_codes":"GR","country_code":"GR","description":"Native to the Greek islands known as the Cyclades in the Aegean Sea, these are natural cats, meaning they developed without humans getting involved in their breeding. As a breed, Aegean Cats are rare, although they are numerous on their home islands. They are generally friendly toward people and can be excellent cats for families with children.","life_span":"9 - 12","indoor":0,"alt_names":"","adaptability":5,"affection_level":4,"child_friendly":4,"dog_friendly":4,"energy_level":3,"grooming":3,"health_issues":1,"intelligence":3,"shedding_level":3,"social_needs":4,"stranger_friendly":4,"vocalisation":3,"experimental":0,"hairless":0,"natural":0,"rare":0,"rex":0,"suppressed_tail":0,"short_legs":0,"wikipedia_url":"https://en.wikipedia.org/wiki/Aegean_cat","hypoallergenic":0,"reference_image_id":"ozEvzdVM-","image":{"id":"ozEvzdVM-","width":1200,"height":800,"url":"https://cdn2.thecatapi.com/images/ozEvzdVM-.jpg"}},{"weight":{"imperial":"7 - 16","metric":"3 - 7"},"id":"abob","name":"American Bobtail","cfa_url":"http://cfa.org/Breeds/BreedsAB/AmericanBobtail.aspx","vetstreet_url":"http://www.vetstreet.com/cats/american-bobtail","vcahospitals_url":"https://vcahospitals.com/know-your-pet/cat-breeds/american-bobtail","temperament":"Intelligent, Interactive, Lively, Playful, Sensitive","origin":"United States","country_codes":"US","country_code":"US","description":"American Bobtails are loving and incredibly intelligent cats possessing a distinctive wild appearance. They are extremely interactive cats that bond with their human family with great devotion.","life_span":"11 - 15","indoor":0,"lap":1,"alt_names":"","adaptability":5,"affection_level":5,"child_friendly":4,"dog_friendly":5,"energy_level":3,"grooming":1,"health_issues":1,"intelligence":5,"shedding_level":3,"social_needs":3,"stranger_friendly":3,"vocalisation":3,"experimental":0,"hairless":0,"natural":0,"rare":0,"rex":0,"suppressed_tail":1,"short_legs":0,"wikipedia_url":"https://en.wikipedia.org/wiki/American_Bobtail","hypoallergenic":0,"reference_image_id":"hBXicehMA","image":{"id":"hBXicehMA","width":1600,"height":951,"url":"https://cdn2.thecatapi.com/images/hBXicehMA.jpg"}},{"weight":{"imperial":"5 - 10","metric":"2 - 5"},"id":"acur","name":"American Curl","cfa_url":"http://cfa.org/Breeds/BreedsAB/AmericanCurl.aspx","vetstreet_url":"http://www.vetstreet.com/cats/american-curl","vcahospitals_url":"https://vcahospitals.com/know-your-pet/cat-breeds/american-curl","temperament":"Affectionate, Curious, Intelligent, Interactive, Lively, Playful, Social","origin":"United States","country_codes":"US","country_code":"US","description":"Distinguished by truly unique ears that curl back in a graceful arc, offering an alert, perky, happily surprised expression, they cause people to break out into a big smile when viewing their first Curl. Curls are very people-oriented, faithful, affectionate soulmates, adjusting remarkably fast to other pets, children, and new situations.","life_span":"12 - 16","indoor":0,"lap":1,"alt_names":"","adaptability":5,"affection_level":5,"child_friendly":4,"dog_friendly":5,"energy_level":3,"grooming":2,"health_issues":1,"intelligence":3,"shedding_level":3,"social_needs":3,"stranger_friendly":3,"vocalisation":3,"experimental":0,"hairless":0,"natural":0,"rare":0,"rex":0,"suppressed_tail":0,"short_legs":0,"wikipedia_url":"https://en.wikipedia.org/wiki/American_Curl","hypoallergenic":0,"reference_image_id":"xnsqonbjW","image":{"id":"xnsqonbjW","width":1000,"height":964,"url":"https://cdn2.thecatapi.com/images/xnsqonbjW.jpg"}},{"weight":{"imperial":"8 - 15","metric":"4 - 7"},"id":"asho","name":"American Shorthair","cfa_url":"http://cfa.org/Breeds/BreedsAB/AmericanShorthair.aspx","vetstreet_url":"http://www.vetstreet.com/cats/american-shorthair","vcahospitals_url":"https://vcahospitals.com/know-your-pet/cat-breeds/american-shorthair","temperament":"Active, Curious, Easy Going, Playful, Calm","origin":"United States","country_codes":"US","country_code":"US","description":"The American Shorthair is known for its longevity, robust health, good looks, sweet personality, and amiability with children, dogs, and other pets.","life_span":"15 - 17","indoor":0,"lap":1,"alt_names":"Domestic Shorthair","adaptability":5,"affection_level":5,"child_friendly":4,"dog_friendly":5,"energy_level":3,"grooming":1,"health_issues":3,"intelligence":3,"shedding_level":3,"social_needs":4,"stranger_friendly":3,"vocalisation":3,"experimental":0,"hairless":0,"natural":1,"rare":0,"rex":0,"suppressed_tail":0,"short_legs":0,"wikipedia_url":"https://en.wikipedia.org/wiki/American_Shorthair","hypoallergenic":0,"reference_image_id":"JFPROfGtQ","image":{"id":"JFPROfGtQ","width":1600,"height":1200,"url":"https://cdn2.thecatapi.com/images/JFPROfGtQ.jpg"}},{"weight":{"imperial":"8 - 15","metric":"4 - 7"},"id":"awir","name":"American Wirehair","cfa_url":"http://cfa.org/Breeds/BreedsAB/AmericanWirehair.aspx","vetstreet_url":"http://www.vetstreet.com/cats/american-wirehair","temperament":"Affectionate, Curious, Gentle, Intelligent, Interactive, Lively, Loyal, Playful, Sensible, Social","origin":"United States","country_codes":"US","country_code":"US","description":"The American Wirehair tends to be a calm and tolerant cat who takes life as it comes. His favorite hobby is bird-watching from a sunny windowsill, and his hunting ability will stand you in good stead if insects enter the house.","life_span":"14 - 18","indoor":0,"lap":1,"alt_names":"","adaptability":5,"affection_level":5,"child_friendly":4,"dog_friendly":5,"energy_level":3,"grooming":1,"health_issues":3,"intelligence":3,"shedding_level":1,"social_needs":3,"stranger_friendly":3,"vocalisation":3,"experimental":0,"hairless":0,"natural":0,"rare":0,"rex":0,"suppressed_tail":0,"short_legs":0,"wikipedia_url":"https://en.wikipedia.org/wiki/American_Wirehair","hypoallergenic":0,"reference_image_id":"8D--jCd21","image":{"id":"8D--jCd21","width":1280,"height":936,"url":"https://cdn2.thecatapi.com/images/8D--jCd21.jpg"}},{"weight":{"imperial":"8 - 16","metric":"4 - 7"},"id":"amau","name":"Arabian Mau","vcahospitals_url":"","temperament":"Affectionate, Agile, Curious, Independent, Playful, Loyal","origin":"United Arab Emirates","country_codes":"AE","country_code":"AE","description":"Arabian Mau cats are social and energetic. Due to their energy levels, these cats do best in homes where their owners will be able to provide them with plenty of playtime, attention and interaction from their owners. These kitties are friendly, intelligent, and adaptable, and will even get along well with other pets and children.","life_span":"12 - 14","indoor":0,"alt_names":"Alley cat","adaptability":5,"affection_level":5,"child_friendly":4,"dog_friendly":5,"energy_level":4,"grooming":1,"health_issues":1,"intelligence":3,"shedding_level":1,"social_needs":3,"stranger_friendly":3,"vocalisation":1,"experimental":0,"hairless":0,"natural":1,"rare":0,"rex":0,"suppressed_tail":0,"short_legs":0,"wikipedia_url":"https://en.wikipedia.org/wiki/Arabian_Mau","hypoallergenic":0,"reference_image_id":"k71ULYfRr","image":{"id":"k71ULYfRr","width":2048,"height":1554,"url":"https://cdn2.thecatapi.com/images/k71ULYfRr.jpg"}},{"weight":{"imperial":"7 - 15","metric":"3 - 7"},"id":"amis","name":"Australian Mist","temperament":"Lively, Social, Fun-loving, Relaxed, Affectionate","origin":"Australia","country_codes":"AU","country_code":"AU","description":"The Australian Mist thrives on human companionship. Tolerant of even the youngest of children, these friendly felines enjoy playing games and being part of the hustle and bustle of a busy household. They make entertaining companions for people of all ages, and are happy to remain indoors between dusk and dawn or to be wholly indoor pets.","life_span":"12 - 16","indoor":0,"lap":1,"alt_names":"Spotted Mist","adaptability":5,"affection_level":5,"child_friendly":4,"dog_friendly":5,"energy_level":4,"grooming":3,"health_issues":1,"intelligence":4,"shedding_level":3,"social_needs":4,"stranger_friendly":4,"vocalisation":3,"experimental":0,"hairless":0,"natural":0,"rare":0,"rex":0,"suppressed_tail":0,"short_legs":0,"wikipedia_url":"https://en.wikipedia.org/wiki/Australian_Mist","hypoallergenic":0,"reference_image_id":"_6x-3TiCA","image":{"id":"_6x-3TiCA","width":1231,"height":1165,"url":"https://cdn2.thecatapi.com/images/_6x-3TiCA.jpg"}},{"weight":{"imperial":"4 - 10","metric":"2 - 5"},"id":"bali","name":"Balinese","cfa_url":"http://cfa.org/Breeds/BreedsAB/Balinese.aspx","vetstreet_url":"http://www.vetstreet.com/cats/balinese","vcahospitals_url":"h... (set the log level to DEBUG or TRACE to see the full content) 
 </msg>
<msg timestamp="20210314 21:51:26.822" level="INFO">${BREED_LIST} = &lt;Response [200]&gt;</msg>
<status status="PASS" starttime="20210314 21:51:25.526" endtime="20210314 21:51:26.822"></status>
</kw>
<kw name="Check Response Status Code" library="API_Base_Resources">
<arguments>
<arg>${BREED_LIST}</arg>
</arguments>
<kw name="Should Be True" library="BuiltIn">
<doc>Fails if the given condition is not true.</doc>
<arguments>
<arg>'${RESPONSE.status_code}'=='200' or '${RESPONSE.status_code}'=='201'</arg>
<arg>msg= Request error! Check the status: ${RESPONSE}</arg>
</arguments>
<status status="PASS" starttime="20210314 21:51:26.824" endtime="20210314 21:51:26.825"></status>
</kw>
<status status="PASS" starttime="20210314 21:51:26.822" endtime="20210314 21:51:26.825"></status>
</kw>
<kw name="Get Value From Json" library="JSONLibrary">
<doc>Get Value From JSON using JSONPath</doc>
<arguments>
<arg>${BREED_LIST.json()}</arg>
<arg>$..name</arg>
</arguments>
<assign>
<var>${json_breed_list}</var>
</assign>
<msg timestamp="20210314 21:51:26.854" level="INFO">${json_breed_list} = ['Abyssinian', 'Aegean', 'American Bobtail', 'American Curl', 'American Shorthair', 'American Wirehair', 'Arabian Mau', 'Australian Mist', 'Balinese', 'Bambino', 'Bengal', 'Birman', 'Bombay', 'British...</msg>
<status status="PASS" starttime="20210314 21:51:26.825" endtime="20210314 21:51:26.854"></status>
</kw>
<kw name="Get Length" library="BuiltIn">
<doc>Returns and logs the length of the given item as an integer.</doc>
<arguments>
<arg>${json_breed_list}</arg>
</arguments>
<assign>
<var>${total_breed_list}</var>
</assign>
<msg timestamp="20210314 21:51:26.854" level="INFO">Length is 67</msg>
<msg timestamp="20210314 21:51:26.854" level="INFO">${total_breed_list} = 67</msg>
<status status="PASS" starttime="20210314 21:51:26.854" endtime="20210314 21:51:26.854"></status>
</kw>
<kw name="Log" library="BuiltIn">
<doc>Logs the given message with the given level.</doc>
<arguments>
<arg>TOTAL: ${total_breed_list}, Cat breed info: ${json_breed_list}</arg>
<arg>console=True</arg>
</arguments>
<msg timestamp="20210314 21:51:26.854" level="INFO">TOTAL: 67, Cat breed info: ['Abyssinian', 'Aegean', 'American Bobtail', 'American Curl', 'American Shorthair', 'American Wirehair', 'Arabian Mau', 'Australian Mist', 'Balinese', 'Bambino', 'Bengal', 'Birman', 'Bombay', 'British Longhair', 'British Shorthair', 'Burmese', 'Burmilla', 'California Spangled', 'Chantilly-Tiffany', 'Chartreux', 'Chausie', 'Cheetoh', 'Colorpoint Shorthair', 'Cornish Rex', 'Cymric', 'Cyprus', 'Devon Rex', 'Donskoy', 'Dragon Li', 'Egyptian Mau', 'European Burmese', 'Exotic Shorthair', 'Havana Brown', 'Himalayan', 'Japanese Bobtail', 'Javanese', 'Khao Manee', 'Korat', 'Kurilian', 'LaPerm', 'Maine Coon', 'Malayan', 'Manx', 'Munchkin', 'Nebelung', 'Norwegian Forest Cat', 'Ocicat', 'Oriental', 'Persian', 'Pixie-bob', 'Ragamuffin', 'Ragdoll', 'Russian Blue', 'Savannah', 'Scottish Fold', 'Selkirk Rex', 'Siamese', 'Siberian', 'Singapura', 'Snowshoe', 'Somali', 'Sphynx', 'Tonkinese', 'Toyger', 'Turkish Angora', 'Turkish Van', 'York Chocolate']</msg>
<status status="PASS" starttime="20210314 21:51:26.854" endtime="20210314 21:51:26.855"></status>
</kw>
<status status="PASS" starttime="20210314 21:51:25.525" endtime="20210314 21:51:26.855"></status>
</kw>
<tags>
<tag>api</tag>
</tags>
<status status="PASS" starttime="20210314 21:51:25.525" endtime="20210314 21:51:26.855" critical="yes"></status>
</test>
<kw name="Delete All Sessions" library="RequestsLibrary" type="teardown">
<doc>Removes all the session objects</doc>
<msg timestamp="20210314 21:51:26.857" level="INFO">Delete All Sessions</msg>
<status status="PASS" starttime="20210314 21:51:26.857" endtime="20210314 21:51:26.857"></status>
</kw>
<status status="PASS" starttime="20210314 21:51:25.158" endtime="20210314 21:51:26.857"></status>
</suite>
<suite id="s1-s1-s1-s2" name="GET Breeds Name Check" source="C:\robot_projects\RF_GUI_API\TestCases\API\Breeds\GET_Breeds_Name_Check.robot">
<kw name="Create API Session" library="API_Base_Resources" type="setup">
<kw name="Create Session" library="RequestsLibrary">
<doc>Create Session: create a HTTP session to a server</doc>
<arguments>
<arg>alias=${API_ALIAS}</arg>
<arg>url=${API_HOST}</arg>
<arg>disable_warnings=True</arg>
</arguments>
<msg timestamp="20210314 21:51:27.045" level="INFO">Creating Session using : alias=mycat, url=https://api.thecatapi.com, headers={},                     cookies={}, auth=None, timeout=None, proxies=None, verify=False,                     debug=0 </msg>
<status status="PASS" starttime="20210314 21:51:27.045" endtime="20210314 21:51:27.045"></status>
</kw>
<kw name="Session Exists" library="RequestsLibrary">
<doc>Return True if the session has been already created</doc>
<arguments>
<arg>${API_ALIAS}</arg>
</arguments>
<assign>
<var>${exists}</var>
</assign>
<msg timestamp="20210314 21:51:27.045" level="INFO">${exists} = True</msg>
<status status="PASS" starttime="20210314 21:51:27.045" endtime="20210314 21:51:27.045"></status>
</kw>
<kw name="Should Be True" library="BuiltIn">
<doc>Fails if the given condition is not true.</doc>
<arguments>
<arg>${exists}</arg>
<arg>msg= Check your session creation!</arg>
</arguments>
<status status="PASS" starttime="20210314 21:51:27.046" endtime="20210314 21:51:27.046"></status>
</kw>
<status status="PASS" starttime="20210314 21:51:27.045" endtime="20210314 21:51:27.046"></status>
</kw>
<test id="s1-s1-s1-s2-t1" name="Checking Breed Name Existence: Abyssinian">
<kw name="Checking Breed Name Template">
<arguments>
<arg>Abyssinian</arg>
</arguments>
<kw name="GET Cat Breed By Name &quot;${breed}&quot;" library="API_Breed_Endpoint">
<kw name="Create Dictionary" library="BuiltIn">
<doc>Creates and returns a dictionary based on the given ``items``.</doc>
<arguments>
<arg>q=${breed}</arg>
</arguments>
<assign>
<var>&amp;{PARAMS}</var>
</assign>
<msg timestamp="20210314 21:51:27.047" level="INFO">&amp;{PARAMS} = { q=Abyssinian }</msg>
<status status="PASS" starttime="20210314 21:51:27.047" endtime="20210314 21:51:27.047"></status>
</kw>
<kw name="Get On Session" library="RequestsLibrary">
<doc>Sends a GET request on a previously created HTTP Session.</doc>
<arguments>
<arg>alias=${API_ALIAS}</arg>
<arg>url=${PATH_BREED_SEARCH}</arg>
<arg>params=${PARAMS}</arg>
</arguments>
<assign>
<var>${MY_CAT_BREED}</var>
</assign>
<msg timestamp="20210314 21:51:27.923" level="INFO">GET Request : url=https://api.thecatapi.com/v1/breeds/search?q=Abyssinian 
 path_url=/v1/breeds/search?q=Abyssinian 
 headers={'User-Agent': 'python-requests/2.25.1', 'Accept-Encoding': 'gzip, deflate', 'Accept': '*/*', 'Connection': 'keep-alive'} 
 body=None 
 </msg>
<msg timestamp="20210314 21:51:27.924" level="INFO">GET Response : url=https://api.thecatapi.com/v1/breeds/search?q=Abyssinian 
 status=200, reason=OK 
 headers={'Date': 'Mon, 15 Mar 2021 00:51:38 GMT', 'Content-Type': 'application/json; charset=utf-8', 'Content-Length': '1043', 'Connection': 'keep-alive', 'Server': 'nginx/1.18.0', 'X-DNS-Prefetch-Control': 'off', 'X-Frame-Options': 'SAMEORIGIN', 'Strict-Transport-Security': 'max-age=15552000; includeSubDomains', 'X-Download-Options': 'noopen', 'X-Content-Type-Options': 'nosniff', 'X-XSS-Protection': '1; mode=block', 'Vary': 'Origin', 'X-Response-Time': '3ms'} 
 body=[{"weight":{"imperial":"7  -  10","metric":"3 - 5"},"id":"abys","name":"Abyssinian","cfa_url":"http://cfa.org/Breeds/BreedsAB/Abyssinian.aspx","vetstreet_url":"http://www.vetstreet.com/cats/abyssinian","vcahospitals_url":"https://vcahospitals.com/know-your-pet/cat-breeds/abyssinian","temperament":"Active, Energetic, Independent, Intelligent, Gentle","origin":"Egypt","country_codes":"EG","country_code":"EG","description":"The Abyssinian is easy to care for, and a joy to have in your home. They’re affectionate cats and love both people and other animals.","life_span":"14 - 15","indoor":0,"lap":1,"alt_names":"","adaptability":5,"affection_level":5,"child_friendly":3,"dog_friendly":4,"energy_level":5,"grooming":1,"health_issues":2,"intelligence":5,"shedding_level":2,"social_needs":5,"stranger_friendly":5,"vocalisation":1,"experimental":0,"hairless":0,"natural":1,"rare":0,"rex":0,"suppressed_tail":0,"short_legs":0,"wikipedia_url":"https://en.wikipedia.org/wiki/Abyssinian_(cat)","hypoallergenic":0,"reference_image_id":"0XYvRd7oD"}] 
 </msg>
<msg timestamp="20210314 21:51:27.924" level="INFO">${MY_CAT_BREED} = &lt;Response [200]&gt;</msg>
<status status="PASS" starttime="20210314 21:51:27.047" endtime="20210314 21:51:27.925"></status>
</kw>
<kw name="Check Response Status Code" library="API_Base_Resources">
<arguments>
<arg>${MY_CAT_BREED}</arg>
</arguments>
<kw name="Should Be True" library="BuiltIn">
<doc>Fails if the given condition is not true.</doc>
<arguments>
<arg>'${RESPONSE.status_code}'=='200' or '${RESPONSE.status_code}'=='201'</arg>
<arg>msg= Request error! Check the status: ${RESPONSE}</arg>
</arguments>
<status status="PASS" starttime="20210314 21:51:27.926" endtime="20210314 21:51:27.929"></status>
</kw>
<status status="PASS" starttime="20210314 21:51:27.925" endtime="20210314 21:51:27.929"></status>
</kw>
<kw name="Get Value From Json" library="JSONLibrary">
<doc>Get Value From JSON using JSONPath</doc>
<arguments>
<arg>${MY_CAT_BREED.json()}</arg>
<arg>$..name</arg>
</arguments>
<assign>
<var>${json_cat_breed}</var>
</assign>
<msg timestamp="20210314 21:51:27.959" level="INFO">${json_cat_breed} = ['Abyssinian']</msg>
<status status="PASS" starttime="20210314 21:51:27.930" endtime="20210314 21:51:27.960"></status>
</kw>
<kw name="Should Be Equal" library="BuiltIn">
<doc>Fails if the given objects are unequal.</doc>
<arguments>
<arg>${json_cat_breed[0]}</arg>
<arg>${breed}</arg>
<arg>msg= Wrong breed name! Check the corret breed name.</arg>
</arguments>
<status status="PASS" starttime="20210314 21:51:27.960" endtime="20210314 21:51:27.960"></status>
</kw>
<kw name="Log" library="BuiltIn">
<doc>Logs the given message with the given level.</doc>
<arguments>
<arg>Cat breed info: ${json_cat_breed[0]}</arg>
<arg>console=True</arg>
</arguments>
<msg timestamp="20210314 21:51:27.960" level="INFO">Cat breed info: Abyssinian</msg>
<status status="PASS" starttime="20210314 21:51:27.960" endtime="20210314 21:51:27.961"></status>
</kw>
<status status="PASS" starttime="20210314 21:51:27.047" endtime="20210314 21:51:27.961"></status>
</kw>
<status status="PASS" starttime="20210314 21:51:27.046" endtime="20210314 21:51:27.961"></status>
</kw>
<tags>
<tag>api</tag>
</tags>
<status status="PASS" starttime="20210314 21:51:27.046" endtime="20210314 21:51:27.961" critical="yes"></status>
</test>
<test id="s1-s1-s1-s2-t2" name="Checking Breed Name Existence: Aegean">
<kw name="Checking Breed Name Template">
<arguments>
<arg>Aegean</arg>
</arguments>
<kw name="GET Cat Breed By Name &quot;${breed}&quot;" library="API_Breed_Endpoint">
<kw name="Create Dictionary" library="BuiltIn">
<doc>Creates and returns a dictionary based on the given ``items``.</doc>
<arguments>
<arg>q=${breed}</arg>
</arguments>
<assign>
<var>&amp;{PARAMS}</var>
</assign>
<msg timestamp="20210314 21:51:27.964" level="INFO">&amp;{PARAMS} = { q=Aegean }</msg>
<status status="PASS" starttime="20210314 21:51:27.963" endtime="20210314 21:51:27.964"></status>
</kw>
<kw name="Get On Session" library="RequestsLibrary">
<doc>Sends a GET request on a previously created HTTP Session.</doc>
<arguments>
<arg>alias=${API_ALIAS}</arg>
<arg>url=${PATH_BREED_SEARCH}</arg>
<arg>params=${PARAMS}</arg>
</arguments>
<assign>
<var>${MY_CAT_BREED}</var>
</assign>
<msg timestamp="20210314 21:51:28.174" level="INFO">GET Request : url=https://api.thecatapi.com/v1/breeds/search?q=Aegean 
 path_url=/v1/breeds/search?q=Aegean 
 headers={'User-Agent': 'python-requests/2.25.1', 'Accept-Encoding': 'gzip, deflate', 'Accept': '*/*', 'Connection': 'keep-alive'} 
 body=None 
 </msg>
<msg timestamp="20210314 21:51:28.174" level="INFO">GET Response : url=https://api.thecatapi.com/v1/breeds/search?q=Aegean 
 status=200, reason=OK 
 headers={'Date': 'Mon, 15 Mar 2021 00:51:38 GMT', 'Content-Type': 'application/json; charset=utf-8', 'Content-Length': '1092', 'Connection': 'keep-alive', 'Server': 'nginx/1.18.0', 'X-DNS-Prefetch-Control': 'off', 'X-Frame-Options': 'SAMEORIGIN', 'Strict-Transport-Security': 'max-age=15552000; includeSubDomains', 'X-Download-Options': 'noopen', 'X-Content-Type-Options': 'nosniff', 'X-XSS-Protection': '1; mode=block', 'Vary': 'Origin', 'X-Response-Time': '3ms'} 
 body=[{"weight":{"imperial":"7 - 10","metric":"3 - 5"},"id":"aege","name":"Aegean","vetstreet_url":"http://www.vetstreet.com/cats/aegean-cat","temperament":"Affectionate, Social, Intelligent, Playful, Active","origin":"Greece","country_codes":"GR","country_code":"GR","description":"Native to the Greek islands known as the Cyclades in the Aegean Sea, these are natural cats, meaning they developed without humans getting involved in their breeding. As a breed, Aegean Cats are rare, although they are numerous on their home islands. They are generally friendly toward people and can be excellent cats for families with children.","life_span":"9 - 12","indoor":0,"alt_names":"","adaptability":5,"affection_level":4,"child_friendly":4,"dog_friendly":4,"energy_level":3,"grooming":3,"health_issues":1,"intelligence":3,"shedding_level":3,"social_needs":4,"stranger_friendly":4,"vocalisation":3,"experimental":0,"hairless":0,"natural":0,"rare":0,"rex":0,"suppressed_tail":0,"short_legs":0,"wikipedia_url":"https://en.wikipedia.org/wiki/Aegean_cat","hypoallergenic":0,"reference_image_id":"ozEvzdVM-"}] 
 </msg>
<msg timestamp="20210314 21:51:28.175" level="INFO">${MY_CAT_BREED} = &lt;Response [200]&gt;</msg>
<status status="PASS" starttime="20210314 21:51:27.964" endtime="20210314 21:51:28.175"></status>
</kw>
<kw name="Check Response Status Code" library="API_Base_Resources">
<arguments>
<arg>${MY_CAT_BREED}</arg>
</arguments>
<kw name="Should Be True" library="BuiltIn">
<doc>Fails if the given condition is not true.</doc>
<arguments>
<arg>'${RESPONSE.status_code}'=='200' or '${RESPONSE.status_code}'=='201'</arg>
<arg>msg= Request error! Check the status: ${RESPONSE}</arg>
</arguments>
<status status="PASS" starttime="20210314 21:51:28.177" endtime="20210314 21:51:28.177"></status>
</kw>
<status status="PASS" starttime="20210314 21:51:28.175" endtime="20210314 21:51:28.177"></status>
</kw>
<kw name="Get Value From Json" library="JSONLibrary">
<doc>Get Value From JSON using JSONPath</doc>
<arguments>
<arg>${MY_CAT_BREED.json()}</arg>
<arg>$..name</arg>
</arguments>
<assign>
<var>${json_cat_breed}</var>
</assign>
<msg timestamp="20210314 21:51:28.196" level="INFO">${json_cat_breed} = ['Aegean']</msg>
<status status="PASS" starttime="20210314 21:51:28.178" endtime="20210314 21:51:28.196"></status>
</kw>
<kw name="Should Be Equal" library="BuiltIn">
<doc>Fails if the given objects are unequal.</doc>
<arguments>
<arg>${json_cat_breed[0]}</arg>
<arg>${breed}</arg>
<arg>msg= Wrong breed name! Check the corret breed name.</arg>
</arguments>
<status status="PASS" starttime="20210314 21:51:28.196" endtime="20210314 21:51:28.196"></status>
</kw>
<kw name="Log" library="BuiltIn">
<doc>Logs the given message with the given level.</doc>
<arguments>
<arg>Cat breed info: ${json_cat_breed[0]}</arg>
<arg>console=True</arg>
</arguments>
<msg timestamp="20210314 21:51:28.196" level="INFO">Cat breed info: Aegean</msg>
<status status="PASS" starttime="20210314 21:51:28.196" endtime="20210314 21:51:28.197"></status>
</kw>
<status status="PASS" starttime="20210314 21:51:27.963" endtime="20210314 21:51:28.197"></status>
</kw>
<status status="PASS" starttime="20210314 21:51:27.963" endtime="20210314 21:51:28.197"></status>
</kw>
<tags>
<tag>api</tag>
</tags>
<status status="PASS" starttime="20210314 21:51:27.962" endtime="20210314 21:51:28.197" critical="yes"></status>
</test>
<test id="s1-s1-s1-s2-t3" name="Checking Breed Name Existence: American Bobtail">
<kw name="Checking Breed Name Template">
<arguments>
<arg>American Bobtail</arg>
</arguments>
<kw name="GET Cat Breed By Name &quot;${breed}&quot;" library="API_Breed_Endpoint">
<kw name="Create Dictionary" library="BuiltIn">
<doc>Creates and returns a dictionary based on the given ``items``.</doc>
<arguments>
<arg>q=${breed}</arg>
</arguments>
<assign>
<var>&amp;{PARAMS}</var>
</assign>
<msg timestamp="20210314 21:51:28.199" level="INFO">&amp;{PARAMS} = { q=American Bobtail }</msg>
<status status="PASS" starttime="20210314 21:51:28.199" endtime="20210314 21:51:28.199"></status>
</kw>
<kw name="Get On Session" library="RequestsLibrary">
<doc>Sends a GET request on a previously created HTTP Session.</doc>
<arguments>
<arg>alias=${API_ALIAS}</arg>
<arg>url=${PATH_BREED_SEARCH}</arg>
<arg>params=${PARAMS}</arg>
</arguments>
<assign>
<var>${MY_CAT_BREED}</var>
</assign>
<msg timestamp="20210314 21:51:28.406" level="INFO">GET Request : url=https://api.thecatapi.com/v1/breeds/search?q=American+Bobtail 
 path_url=/v1/breeds/search?q=American+Bobtail 
 headers={'User-Agent': 'python-requests/2.25.1', 'Accept-Encoding': 'gzip, deflate', 'Accept': '*/*', 'Connection': 'keep-alive'} 
 body=None 
 </msg>
<msg timestamp="20210314 21:51:28.406" level="INFO">GET Response : url=https://api.thecatapi.com/v1/breeds/search?q=American+Bobtail 
 status=200, reason=OK 
 headers={'Date': 'Mon, 15 Mar 2021 00:51:39 GMT', 'Content-Type': 'application/json; charset=utf-8', 'Content-Length': '1131', 'Connection': 'keep-alive', 'Server': 'nginx/1.18.0', 'X-DNS-Prefetch-Control': 'off', 'X-Frame-Options': 'SAMEORIGIN', 'Strict-Transport-Security': 'max-age=15552000; includeSubDomains', 'X-Download-Options': 'noopen', 'X-Content-Type-Options': 'nosniff', 'X-XSS-Protection': '1; mode=block', 'Vary': 'Origin', 'X-Response-Time': '2ms'} 
 body=[{"weight":{"imperial":"7 - 16","metric":"3 - 7"},"id":"abob","name":"American Bobtail","cfa_url":"http://cfa.org/Breeds/BreedsAB/AmericanBobtail.aspx","vetstreet_url":"http://www.vetstreet.com/cats/american-bobtail","vcahospitals_url":"https://vcahospitals.com/know-your-pet/cat-breeds/american-bobtail","temperament":"Intelligent, Interactive, Lively, Playful, Sensitive","origin":"United States","country_codes":"US","country_code":"US","description":"American Bobtails are loving and incredibly intelligent cats possessing a distinctive wild appearance. They are extremely interactive cats that bond with their human family with great devotion.","life_span":"11 - 15","indoor":0,"lap":1,"alt_names":"","adaptability":5,"affection_level":5,"child_friendly":4,"dog_friendly":5,"energy_level":3,"grooming":1,"health_issues":1,"intelligence":5,"shedding_level":3,"social_needs":3,"stranger_friendly":3,"vocalisation":3,"experimental":0,"hairless":0,"natural":0,"rare":0,"rex":0,"suppressed_tail":1,"short_legs":0,"wikipedia_url":"https://en.wikipedia.org/wiki/American_Bobtail","hypoallergenic":0,"reference_image_id":"hBXicehMA"}] 
 </msg>
<msg timestamp="20210314 21:51:28.407" level="INFO">${MY_CAT_BREED} = &lt;Response [200]&gt;</msg>
<status status="PASS" starttime="20210314 21:51:28.199" endtime="20210314 21:51:28.407"></status>
</kw>
<kw name="Check Response Status Code" library="API_Base_Resources">
<arguments>
<arg>${MY_CAT_BREED}</arg>
</arguments>
<kw name="Should Be True" library="BuiltIn">
<doc>Fails if the given condition is not true.</doc>
<arguments>
<arg>'${RESPONSE.status_code}'=='200' or '${RESPONSE.status_code}'=='201'</arg>
<arg>msg= Request error! Check the status: ${RESPONSE}</arg>
</arguments>
<status status="PASS" starttime="20210314 21:51:28.408" endtime="20210314 21:51:28.409"></status>
</kw>
<status status="PASS" starttime="20210314 21:51:28.407" endtime="20210314 21:51:28.409"></status>
</kw>
<kw name="Get Value From Json" library="JSONLibrary">
<doc>Get Value From JSON using JSONPath</doc>
<arguments>
<arg>${MY_CAT_BREED.json()}</arg>
<arg>$..name</arg>
</arguments>
<assign>
<var>${json_cat_breed}</var>
</assign>
<msg timestamp="20210314 21:51:28.427" level="INFO">${json_cat_breed} = ['American Bobtail']</msg>
<status status="PASS" starttime="20210314 21:51:28.410" endtime="20210314 21:51:28.427"></status>
</kw>
<kw name="Should Be Equal" library="BuiltIn">
<doc>Fails if the given objects are unequal.</doc>
<arguments>
<arg>${json_cat_breed[0]}</arg>
<arg>${breed}</arg>
<arg>msg= Wrong breed name! Check the corret breed name.</arg>
</arguments>
<status status="PASS" starttime="20210314 21:51:28.427" endtime="20210314 21:51:28.428"></status>
</kw>
<kw name="Log" library="BuiltIn">
<doc>Logs the given message with the given level.</doc>
<arguments>
<arg>Cat breed info: ${json_cat_breed[0]}</arg>
<arg>console=True</arg>
</arguments>
<msg timestamp="20210314 21:51:28.428" level="INFO">Cat breed info: American Bobtail</msg>
<status status="PASS" starttime="20210314 21:51:28.428" endtime="20210314 21:51:28.428"></status>
</kw>
<status status="PASS" starttime="20210314 21:51:28.199" endtime="20210314 21:51:28.428"></status>
</kw>
<status status="PASS" starttime="20210314 21:51:28.199" endtime="20210314 21:51:28.428"></status>
</kw>
<tags>
<tag>api</tag>
</tags>
<status status="PASS" starttime="20210314 21:51:28.198" endtime="20210314 21:51:28.429" critical="yes"></status>
</test>
<test id="s1-s1-s1-s2-t4" name="Checking Breed Name Existence: American Curl">
<kw name="Checking Breed Name Template">
<arguments>
<arg>American Curl</arg>
</arguments>
<kw name="GET Cat Breed By Name &quot;${breed}&quot;" library="API_Breed_Endpoint">
<kw name="Create Dictionary" library="BuiltIn">
<doc>Creates and returns a dictionary based on the given ``items``.</doc>
<arguments>
<arg>q=${breed}</arg>
</arguments>
<assign>
<var>&amp;{PARAMS}</var>
</assign>
<msg timestamp="20210314 21:51:28.431" level="INFO">&amp;{PARAMS} = { q=American Curl }</msg>
<status status="PASS" starttime="20210314 21:51:28.431" endtime="20210314 21:51:28.431"></status>
</kw>
<kw name="Get On Session" library="RequestsLibrary">
<doc>Sends a GET request on a previously created HTTP Session.</doc>
<arguments>
<arg>alias=${API_ALIAS}</arg>
<arg>url=${PATH_BREED_SEARCH}</arg>
<arg>params=${PARAMS}</arg>
</arguments>
<assign>
<var>${MY_CAT_BREED}</var>
</assign>
<msg timestamp="20210314 21:51:28.640" level="INFO">GET Request : url=https://api.thecatapi.com/v1/breeds/search?q=American+Curl 
 path_url=/v1/breeds/search?q=American+Curl 
 headers={'User-Agent': 'python-requests/2.25.1', 'Accept-Encoding': 'gzip, deflate', 'Accept': '*/*', 'Connection': 'keep-alive'} 
 body=None 
 </msg>
<msg timestamp="20210314 21:51:28.640" level="INFO">GET Response : url=https://api.thecatapi.com/v1/breeds/search?q=American+Curl 
 status=200, reason=OK 
 headers={'Date': 'Mon, 15 Mar 2021 00:51:39 GMT', 'Content-Type': 'application/json; charset=utf-8', 'Content-Length': '1283', 'Connection': 'keep-alive', 'Server': 'nginx/1.18.0', 'X-DNS-Prefetch-Control': 'off', 'X-Frame-Options': 'SAMEORIGIN', 'Strict-Transport-Security': 'max-age=15552000; includeSubDomains', 'X-Download-Options': 'noopen', 'X-Content-Type-Options': 'nosniff', 'X-XSS-Protection': '1; mode=block', 'Vary': 'Origin', 'X-Response-Time': '3ms'} 
 body=[{"weight":{"imperial":"5 - 10","metric":"2 - 5"},"id":"acur","name":"American Curl","cfa_url":"http://cfa.org/Breeds/BreedsAB/AmericanCurl.aspx","vetstreet_url":"http://www.vetstreet.com/cats/american-curl","vcahospitals_url":"https://vcahospitals.com/know-your-pet/cat-breeds/american-curl","temperament":"Affectionate, Curious, Intelligent, Interactive, Lively, Playful, Social","origin":"United States","country_codes":"US","country_code":"US","description":"Distinguished by truly unique ears that curl back in a graceful arc, offering an alert, perky, happily surprised expression, they cause people to break out into a big smile when viewing their first Curl. Curls are very people-oriented, faithful, affectionate soulmates, adjusting remarkably fast to other pets, children, and new situations.","life_span":"12 - 16","indoor":0,"lap":1,"alt_names":"","adaptability":5,"affection_level":5,"child_friendly":4,"dog_friendly":5,"energy_level":3,"grooming":2,"health_issues":1,"intelligence":3,"shedding_level":3,"social_needs":3,"stranger_friendly":3,"vocalisation":3,"experimental":0,"hairless":0,"natural":0,"rare":0,"rex":0,"suppressed_tail":0,"short_legs":0,"wikipedia_url":"https://en.wikipedia.org/wiki/American_Curl","hypoallergenic":0,"reference_image_id":"xnsqonbjW"}] 
 </msg>
<msg timestamp="20210314 21:51:28.641" level="INFO">${MY_CAT_BREED} = &lt;Response [200]&gt;</msg>
<status status="PASS" starttime="20210314 21:51:28.431" endtime="20210314 21:51:28.641"></status>
</kw>
<kw name="Check Response Status Code" library="API_Base_Resources">
<arguments>
<arg>${MY_CAT_BREED}</arg>
</arguments>
<kw name="Should Be True" library="BuiltIn">
<doc>Fails if the given condition is not true.</doc>
<arguments>
<arg>'${RESPONSE.status_code}'=='200' or '${RESPONSE.status_code}'=='201'</arg>
<arg>msg= Request error! Check the status: ${RESPONSE}</arg>
</arguments>
<status status="PASS" starttime="20210314 21:51:28.642" endtime="20210314 21:51:28.644"></status>
</kw>
<status status="PASS" starttime="20210314 21:51:28.641" endtime="20210314 21:51:28.644"></status>
</kw>
<kw name="Get Value From Json" library="JSONLibrary">
<doc>Get Value From JSON using JSONPath</doc>
<arguments>
<arg>${MY_CAT_BREED.json()}</arg>
<arg>$..name</arg>
</arguments>
<assign>
<var>${json_cat_breed}</var>
</assign>
<msg timestamp="20210314 21:51:28.660" level="INFO">${json_cat_breed} = ['American Curl']</msg>
<status status="PASS" starttime="20210314 21:51:28.644" endtime="20210314 21:51:28.661"></status>
</kw>
<kw name="Should Be Equal" library="BuiltIn">
<doc>Fails if the given objects are unequal.</doc>
<arguments>
<arg>${json_cat_breed[0]}</arg>
<arg>${breed}</arg>
<arg>msg= Wrong breed name! Check the corret breed name.</arg>
</arguments>
<status status="PASS" starttime="20210314 21:51:28.661" endtime="20210314 21:51:28.661"></status>
</kw>
<kw name="Log" library="BuiltIn">
<doc>Logs the given message with the given level.</doc>
<arguments>
<arg>Cat breed info: ${json_cat_breed[0]}</arg>
<arg>console=True</arg>
</arguments>
<msg timestamp="20210314 21:51:28.661" level="INFO">Cat breed info: American Curl</msg>
<status status="PASS" starttime="20210314 21:51:28.661" endtime="20210314 21:51:28.662"></status>
</kw>
<status status="PASS" starttime="20210314 21:51:28.431" endtime="20210314 21:51:28.662"></status>
</kw>
<status status="PASS" starttime="20210314 21:51:28.430" endtime="20210314 21:51:28.662"></status>
</kw>
<tags>
<tag>api</tag>
</tags>
<status status="PASS" starttime="20210314 21:51:28.430" endtime="20210314 21:51:28.662" critical="yes"></status>
</test>
<test id="s1-s1-s1-s2-t5" name="Checking Breed Name Existence: American Shorthair">
<kw name="Checking Breed Name Template">
<arguments>
<arg>American Shorthair</arg>
</arguments>
<kw name="GET Cat Breed By Name &quot;${breed}&quot;" library="API_Breed_Endpoint">
<kw name="Create Dictionary" library="BuiltIn">
<doc>Creates and returns a dictionary based on the given ``items``.</doc>
<arguments>
<arg>q=${breed}</arg>
</arguments>
<assign>
<var>&amp;{PARAMS}</var>
</assign>
<msg timestamp="20210314 21:51:28.664" level="INFO">&amp;{PARAMS} = { q=American Shorthair }</msg>
<status status="PASS" starttime="20210314 21:51:28.664" endtime="20210314 21:51:28.664"></status>
</kw>
<kw name="Get On Session" library="RequestsLibrary">
<doc>Sends a GET request on a previously created HTTP Session.</doc>
<arguments>
<arg>alias=${API_ALIAS}</arg>
<arg>url=${PATH_BREED_SEARCH}</arg>
<arg>params=${PARAMS}</arg>
</arguments>
<assign>
<var>${MY_CAT_BREED}</var>
</assign>
<msg timestamp="20210314 21:51:28.873" level="INFO">GET Request : url=https://api.thecatapi.com/v1/breeds/search?q=American+Shorthair 
 path_url=/v1/breeds/search?q=American+Shorthair 
 headers={'User-Agent': 'python-requests/2.25.1', 'Accept-Encoding': 'gzip, deflate', 'Accept': '*/*', 'Connection': 'keep-alive'} 
 body=None 
 </msg>
<msg timestamp="20210314 21:51:28.874" level="INFO">GET Response : url=https://api.thecatapi.com/v1/breeds/search?q=American+Shorthair 
 status=200, reason=OK 
 headers={'Date': 'Mon, 15 Mar 2021 00:51:39 GMT', 'Content-Type': 'application/json; charset=utf-8', 'Content-Length': '1104', 'Connection': 'keep-alive', 'Server': 'nginx/1.18.0', 'X-DNS-Prefetch-Control': 'off', 'X-Frame-Options': 'SAMEORIGIN', 'Strict-Transport-Security': 'max-age=15552000; includeSubDomains', 'X-Download-Options': 'noopen', 'X-Content-Type-Options': 'nosniff', 'X-XSS-Protection': '1; mode=block', 'Vary': 'Origin', 'X-Response-Time': '2ms'} 
 body=[{"weight":{"imperial":"8 - 15","metric":"4 - 7"},"id":"asho","name":"American Shorthair","cfa_url":"http://cfa.org/Breeds/BreedsAB/AmericanShorthair.aspx","vetstreet_url":"http://www.vetstreet.com/cats/american-shorthair","vcahospitals_url":"https://vcahospitals.com/know-your-pet/cat-breeds/american-shorthair","temperament":"Active, Curious, Easy Going, Playful, Calm","origin":"United States","country_codes":"US","country_code":"US","description":"The American Shorthair is known for its longevity, robust health, good looks, sweet personality, and amiability with children, dogs, and other pets.","life_span":"15 - 17","indoor":0,"lap":1,"alt_names":"Domestic Shorthair","adaptability":5,"affection_level":5,"child_friendly":4,"dog_friendly":5,"energy_level":3,"grooming":1,"health_issues":3,"intelligence":3,"shedding_level":3,"social_needs":4,"stranger_friendly":3,"vocalisation":3,"experimental":0,"hairless":0,"natural":1,"rare":0,"rex":0,"suppressed_tail":0,"short_legs":0,"wikipedia_url":"https://en.wikipedia.org/wiki/American_Shorthair","hypoallergenic":0,"reference_image_id":"JFPROfGtQ"}] 
 </msg>
<msg timestamp="20210314 21:51:28.874" level="INFO">${MY_CAT_BREED} = &lt;Response [200]&gt;</msg>
<status status="PASS" starttime="20210314 21:51:28.664" endtime="20210314 21:51:28.874"></status>
</kw>
<kw name="Check Response Status Code" library="API_Base_Resources">
<arguments>
<arg>${MY_CAT_BREED}</arg>
</arguments>
<kw name="Should Be True" library="BuiltIn">
<doc>Fails if the given condition is not true.</doc>
<arguments>
<arg>'${RESPONSE.status_code}'=='200' or '${RESPONSE.status_code}'=='201'</arg>
<arg>msg= Request error! Check the status: ${RESPONSE}</arg>
</arguments>
<status status="PASS" starttime="20210314 21:51:28.874" endtime="20210314 21:51:28.875"></status>
</kw>
<status status="PASS" starttime="20210314 21:51:28.874" endtime="20210314 21:51:28.875"></status>
</kw>
<kw name="Get Value From Json" library="JSONLibrary">
<doc>Get Value From JSON using JSONPath</doc>
<arguments>
<arg>${MY_CAT_BREED.json()}</arg>
<arg>$..name</arg>
</arguments>
<assign>
<var>${json_cat_breed}</var>
</assign>
<msg timestamp="20210314 21:51:28.893" level="INFO">${json_cat_breed} = ['American Shorthair']</msg>
<status status="PASS" starttime="20210314 21:51:28.875" endtime="20210314 21:51:28.893"></status>
</kw>
<kw name="Should Be Equal" library="BuiltIn">
<doc>Fails if the given objects are unequal.</doc>
<arguments>
<arg>${json_cat_breed[0]}</arg>
<arg>${breed}</arg>
<arg>msg= Wrong breed name! Check the corret breed name.</arg>
</arguments>
<status status="PASS" starttime="20210314 21:51:28.893" endtime="20210314 21:51:28.893"></status>
</kw>
<kw name="Log" library="BuiltIn">
<doc>Logs the given message with the given level.</doc>
<arguments>
<arg>Cat breed info: ${json_cat_breed[0]}</arg>
<arg>console=True</arg>
</arguments>
<msg timestamp="20210314 21:51:28.894" level="INFO">Cat breed info: American Shorthair</msg>
<status status="PASS" starttime="20210314 21:51:28.893" endtime="20210314 21:51:28.894"></status>
</kw>
<status status="PASS" starttime="20210314 21:51:28.663" endtime="20210314 21:51:28.894"></status>
</kw>
<status status="PASS" starttime="20210314 21:51:28.663" endtime="20210314 21:51:28.894"></status>
</kw>
<tags>
<tag>api</tag>
</tags>
<status status="PASS" starttime="20210314 21:51:28.663" endtime="20210314 21:51:28.895" critical="yes"></status>
</test>
<test id="s1-s1-s1-s2-t6" name="Checking Breed Name Existence: American Wirehair">
<kw name="Checking Breed Name Template">
<arguments>
<arg>American Wirehair</arg>
</arguments>
<kw name="GET Cat Breed By Name &quot;${breed}&quot;" library="API_Breed_Endpoint">
<kw name="Create Dictionary" library="BuiltIn">
<doc>Creates and returns a dictionary based on the given ``items``.</doc>
<arguments>
<arg>q=${breed}</arg>
</arguments>
<assign>
<var>&amp;{PARAMS}</var>
</assign>
<msg timestamp="20210314 21:51:28.897" level="INFO">&amp;{PARAMS} = { q=American Wirehair }</msg>
<status status="PASS" starttime="20210314 21:51:28.897" endtime="20210314 21:51:28.897"></status>
</kw>
<kw name="Get On Session" library="RequestsLibrary">
<doc>Sends a GET request on a previously created HTTP Session.</doc>
<arguments>
<arg>alias=${API_ALIAS}</arg>
<arg>url=${PATH_BREED_SEARCH}</arg>
<arg>params=${PARAMS}</arg>
</arguments>
<assign>
<var>${MY_CAT_BREED}</var>
</assign>
<msg timestamp="20210314 21:51:29.106" level="INFO">GET Request : url=https://api.thecatapi.com/v1/breeds/search?q=American+Wirehair 
 path_url=/v1/breeds/search?q=American+Wirehair 
 headers={'User-Agent': 'python-requests/2.25.1', 'Accept-Encoding': 'gzip, deflate', 'Accept': '*/*', 'Connection': 'keep-alive'} 
 body=None 
 </msg>
<msg timestamp="20210314 21:51:29.106" level="INFO">GET Response : url=https://api.thecatapi.com/v1/breeds/search?q=American+Wirehair 
 status=200, reason=OK 
 headers={'Date': 'Mon, 15 Mar 2021 00:51:39 GMT', 'Content-Type': 'application/json; charset=utf-8', 'Content-Length': '1126', 'Connection': 'keep-alive', 'Server': 'nginx/1.18.0', 'X-DNS-Prefetch-Control': 'off', 'X-Frame-Options': 'SAMEORIGIN', 'Strict-Transport-Security': 'max-age=15552000; includeSubDomains', 'X-Download-Options': 'noopen', 'X-Content-Type-Options': 'nosniff', 'X-XSS-Protection': '1; mode=block', 'Vary': 'Origin', 'X-Response-Time': '2ms'} 
 body=[{"weight":{"imperial":"8 - 15","metric":"4 - 7"},"id":"awir","name":"American Wirehair","cfa_url":"http://cfa.org/Breeds/BreedsAB/AmericanWirehair.aspx","vetstreet_url":"http://www.vetstreet.com/cats/american-wirehair","temperament":"Affectionate, Curious, Gentle, Intelligent, Interactive, Lively, Loyal, Playful, Sensible, Social","origin":"United States","country_codes":"US","country_code":"US","description":"The American Wirehair tends to be a calm and tolerant cat who takes life as it comes. His favorite hobby is bird-watching from a sunny windowsill, and his hunting ability will stand you in good stead if insects enter the house.","life_span":"14 - 18","indoor":0,"lap":1,"alt_names":"","adaptability":5,"affection_level":5,"child_friendly":4,"dog_friendly":5,"energy_level":3,"grooming":1,"health_issues":3,"intelligence":3,"shedding_level":1,"social_needs":3,"stranger_friendly":3,"vocalisation":3,"experimental":0,"hairless":0,"natural":0,"rare":0,"rex":0,"suppressed_tail":0,"short_legs":0,"wikipedia_url":"https://en.wikipedia.org/wiki/American_Wirehair","hypoallergenic":0,"reference_image_id":"8D--jCd21"}] 
 </msg>
<msg timestamp="20210314 21:51:29.107" level="INFO">${MY_CAT_BREED} = &lt;Response [200]&gt;</msg>
<status status="PASS" starttime="20210314 21:51:28.897" endtime="20210314 21:51:29.107"></status>
</kw>
<kw name="Check Response Status Code" library="API_Base_Resources">
<arguments>
<arg>${MY_CAT_BREED}</arg>
</arguments>
<kw name="Should Be True" library="BuiltIn">
<doc>Fails if the given condition is not true.</doc>
<arguments>
<arg>'${RESPONSE.status_code}'=='200' or '${RESPONSE.status_code}'=='201'</arg>
<arg>msg= Request error! Check the status: ${RESPONSE}</arg>
</arguments>
<status status="PASS" starttime="20210314 21:51:29.109" endtime="20210314 21:51:29.110"></status>
</kw>
<status status="PASS" starttime="20210314 21:51:29.108" endtime="20210314 21:51:29.110"></status>
</kw>
<kw name="Get Value From Json" library="JSONLibrary">
<doc>Get Value From JSON using JSONPath</doc>
<arguments>
<arg>${MY_CAT_BREED.json()}</arg>
<arg>$..name</arg>
</arguments>
<assign>
<var>${json_cat_breed}</var>
</assign>
<msg timestamp="20210314 21:51:29.129" level="INFO">${json_cat_breed} = ['American Wirehair']</msg>
<status status="PASS" starttime="20210314 21:51:29.110" endtime="20210314 21:51:29.129"></status>
</kw>
<kw name="Should Be Equal" library="BuiltIn">
<doc>Fails if the given objects are unequal.</doc>
<arguments>
<arg>${json_cat_breed[0]}</arg>
<arg>${breed}</arg>
<arg>msg= Wrong breed name! Check the corret breed name.</arg>
</arguments>
<status status="PASS" starttime="20210314 21:51:29.129" endtime="20210314 21:51:29.129"></status>
</kw>
<kw name="Log" library="BuiltIn">
<doc>Logs the given message with the given level.</doc>
<arguments>
<arg>Cat breed info: ${json_cat_breed[0]}</arg>
<arg>console=True</arg>
</arguments>
<msg timestamp="20210314 21:51:29.129" level="INFO">Cat breed info: American Wirehair</msg>
<status status="PASS" starttime="20210314 21:51:29.129" endtime="20210314 21:51:29.130"></status>
</kw>
<status status="PASS" starttime="20210314 21:51:28.897" endtime="20210314 21:51:29.130"></status>
</kw>
<status status="PASS" starttime="20210314 21:51:28.896" endtime="20210314 21:51:29.130"></status>
</kw>
<tags>
<tag>api</tag>
</tags>
<status status="PASS" starttime="20210314 21:51:28.896" endtime="20210314 21:51:29.130" critical="yes"></status>
</test>
<test id="s1-s1-s1-s2-t7" name="Checking Breed Name Existence: Arabian Mau">
<kw name="Checking Breed Name Template">
<arguments>
<arg>Arabian Mau</arg>
</arguments>
<kw name="GET Cat Breed By Name &quot;${breed}&quot;" library="API_Breed_Endpoint">
<kw name="Create Dictionary" library="BuiltIn">
<doc>Creates and returns a dictionary based on the given ``items``.</doc>
<arguments>
<arg>q=${breed}</arg>
</arguments>
<assign>
<var>&amp;{PARAMS}</var>
</assign>
<msg timestamp="20210314 21:51:29.132" level="INFO">&amp;{PARAMS} = { q=Arabian Mau }</msg>
<status status="PASS" starttime="20210314 21:51:29.132" endtime="20210314 21:51:29.132"></status>
</kw>
<kw name="Get On Session" library="RequestsLibrary">
<doc>Sends a GET request on a previously created HTTP Session.</doc>
<arguments>
<arg>alias=${API_ALIAS}</arg>
<arg>url=${PATH_BREED_SEARCH}</arg>
<arg>params=${PARAMS}</arg>
</arguments>
<assign>
<var>${MY_CAT_BREED}</var>
</assign>
<msg timestamp="20210314 21:51:29.340" level="INFO">GET Request : url=https://api.thecatapi.com/v1/breeds/search?q=Arabian+Mau 
 path_url=/v1/breeds/search?q=Arabian+Mau 
 headers={'User-Agent': 'python-requests/2.25.1', 'Accept-Encoding': 'gzip, deflate', 'Accept': '*/*', 'Connection': 'keep-alive'} 
 body=None 
 </msg>
<msg timestamp="20210314 21:51:29.340" level="INFO">GET Response : url=https://api.thecatapi.com/v1/breeds/search?q=Arabian+Mau 
 status=200, reason=OK 
 headers={'Date': 'Mon, 15 Mar 2021 00:51:39 GMT', 'Content-Type': 'application/json; charset=utf-8', 'Content-Length': '1077', 'Connection': 'keep-alive', 'Server': 'nginx/1.18.0', 'X-DNS-Prefetch-Control': 'off', 'X-Frame-Options': 'SAMEORIGIN', 'Strict-Transport-Security': 'max-age=15552000; includeSubDomains', 'X-Download-Options': 'noopen', 'X-Content-Type-Options': 'nosniff', 'X-XSS-Protection': '1; mode=block', 'Vary': 'Origin', 'X-Response-Time': '2ms'} 
 body=[{"weight":{"imperial":"8 - 16","metric":"4 - 7"},"id":"amau","name":"Arabian Mau","vcahospitals_url":"","temperament":"Affectionate, Agile, Curious, Independent, Playful, Loyal","origin":"United Arab Emirates","country_codes":"AE","country_code":"AE","description":"Arabian Mau cats are social and energetic. Due to their energy levels, these cats do best in homes where their owners will be able to provide them with plenty of playtime, attention and interaction from their owners. These kitties are friendly, intelligent, and adaptable, and will even get along well with other pets and children.","life_span":"12 - 14","indoor":0,"alt_names":"Alley cat","adaptability":5,"affection_level":5,"child_friendly":4,"dog_friendly":5,"energy_level":4,"grooming":1,"health_issues":1,"intelligence":3,"shedding_level":1,"social_needs":3,"stranger_friendly":3,"vocalisation":1,"experimental":0,"hairless":0,"natural":1,"rare":0,"rex":0,"suppressed_tail":0,"short_legs":0,"wikipedia_url":"https://en.wikipedia.org/wiki/Arabian_Mau","hypoallergenic":0,"reference_image_id":"k71ULYfRr"}] 
 </msg>
<msg timestamp="20210314 21:51:29.341" level="INFO">${MY_CAT_BREED} = &lt;Response [200]&gt;</msg>
<status status="PASS" starttime="20210314 21:51:29.132" endtime="20210314 21:51:29.341"></status>
</kw>
<kw name="Check Response Status Code" library="API_Base_Resources">
<arguments>
<arg>${MY_CAT_BREED}</arg>
</arguments>
<kw name="Should Be True" library="BuiltIn">
<doc>Fails if the given condition is not true.</doc>
<arguments>
<arg>'${RESPONSE.status_code}'=='200' or '${RESPONSE.status_code}'=='201'</arg>
<arg>msg= Request error! Check the status: ${RESPONSE}</arg>
</arguments>
<status status="PASS" starttime="20210314 21:51:29.342" endtime="20210314 21:51:29.343"></status>
</kw>
<status status="PASS" starttime="20210314 21:51:29.341" endtime="20210314 21:51:29.343"></status>
</kw>
<kw name="Get Value From Json" library="JSONLibrary">
<doc>Get Value From JSON using JSONPath</doc>
<arguments>
<arg>${MY_CAT_BREED.json()}</arg>
<arg>$..name</arg>
</arguments>
<assign>
<var>${json_cat_breed}</var>
</assign>
<msg timestamp="20210314 21:51:29.362" level="INFO">${json_cat_breed} = ['Arabian Mau']</msg>
<status status="PASS" starttime="20210314 21:51:29.343" endtime="20210314 21:51:29.362"></status>
</kw>
<kw name="Should Be Equal" library="BuiltIn">
<doc>Fails if the given objects are unequal.</doc>
<arguments>
<arg>${json_cat_breed[0]}</arg>
<arg>${breed}</arg>
<arg>msg= Wrong breed name! Check the corret breed name.</arg>
</arguments>
<status status="PASS" starttime="20210314 21:51:29.362" endtime="20210314 21:51:29.362"></status>
</kw>
<kw name="Log" library="BuiltIn">
<doc>Logs the given message with the given level.</doc>
<arguments>
<arg>Cat breed info: ${json_cat_breed[0]}</arg>
<arg>console=True</arg>
</arguments>
<msg timestamp="20210314 21:51:29.362" level="INFO">Cat breed info: Arabian Mau</msg>
<status status="PASS" starttime="20210314 21:51:29.362" endtime="20210314 21:51:29.363"></status>
</kw>
<status status="PASS" starttime="20210314 21:51:29.131" endtime="20210314 21:51:29.363"></status>
</kw>
<status status="PASS" starttime="20210314 21:51:29.131" endtime="20210314 21:51:29.363"></status>
</kw>
<tags>
<tag>api</tag>
</tags>
<status status="PASS" starttime="20210314 21:51:29.131" endtime="20210314 21:51:29.363" critical="yes"></status>
</test>
<test id="s1-s1-s1-s2-t8" name="Checking Breed Name Existence: Australian Mist">
<kw name="Checking Breed Name Template">
<arguments>
<arg>Australian Mist</arg>
</arguments>
<kw name="GET Cat Breed By Name &quot;${breed}&quot;" library="API_Breed_Endpoint">
<kw name="Create Dictionary" library="BuiltIn">
<doc>Creates and returns a dictionary based on the given ``items``.</doc>
<arguments>
<arg>q=${breed}</arg>
</arguments>
<assign>
<var>&amp;{PARAMS}</var>
</assign>
<msg timestamp="20210314 21:51:29.366" level="INFO">&amp;{PARAMS} = { q=Australian Mist }</msg>
<status status="PASS" starttime="20210314 21:51:29.365" endtime="20210314 21:51:29.366"></status>
</kw>
<kw name="Get On Session" library="RequestsLibrary">
<doc>Sends a GET request on a previously created HTTP Session.</doc>
<arguments>
<arg>alias=${API_ALIAS}</arg>
<arg>url=${PATH_BREED_SEARCH}</arg>
<arg>params=${PARAMS}</arg>
</arguments>
<assign>
<var>${MY_CAT_BREED}</var>
</assign>
<msg timestamp="20210314 21:51:29.575" level="INFO">GET Request : url=https://api.thecatapi.com/v1/breeds/search?q=Australian+Mist 
 path_url=/v1/breeds/search?q=Australian+Mist 
 headers={'User-Agent': 'python-requests/2.25.1', 'Accept-Encoding': 'gzip, deflate', 'Accept': '*/*', 'Connection': 'keep-alive'} 
 body=None 
 </msg>
<msg timestamp="20210314 21:51:29.575" level="INFO">GET Response : url=https://api.thecatapi.com/v1/breeds/search?q=Australian+Mist 
 status=200, reason=OK 
 headers={'Date': 'Mon, 15 Mar 2021 00:51:40 GMT', 'Content-Type': 'application/json; charset=utf-8', 'Content-Length': '1063', 'Connection': 'keep-alive', 'Server': 'nginx/1.18.0', 'X-DNS-Prefetch-Control': 'off', 'X-Frame-Options': 'SAMEORIGIN', 'Strict-Transport-Security': 'max-age=15552000; includeSubDomains', 'X-Download-Options': 'noopen', 'X-Content-Type-Options': 'nosniff', 'X-XSS-Protection': '1; mode=block', 'Vary': 'Origin', 'X-Response-Time': '2ms'} 
 body=[{"weight":{"imperial":"7 - 15","metric":"3 - 7"},"id":"amis","name":"Australian Mist","temperament":"Lively, Social, Fun-loving, Relaxed, Affectionate","origin":"Australia","country_codes":"AU","country_code":"AU","description":"The Australian Mist thrives on human companionship. Tolerant of even the youngest of children, these friendly felines enjoy playing games and being part of the hustle and bustle of a busy household. They make entertaining companions for people of all ages, and are happy to remain indoors between dusk and dawn or to be wholly indoor pets.","life_span":"12 - 16","indoor":0,"lap":1,"alt_names":"Spotted Mist","adaptability":5,"affection_level":5,"child_friendly":4,"dog_friendly":5,"energy_level":4,"grooming":3,"health_issues":1,"intelligence":4,"shedding_level":3,"social_needs":4,"stranger_friendly":4,"vocalisation":3,"experimental":0,"hairless":0,"natural":0,"rare":0,"rex":0,"suppressed_tail":0,"short_legs":0,"wikipedia_url":"https://en.wikipedia.org/wiki/Australian_Mist","hypoallergenic":0,"reference_image_id":"_6x-3TiCA"}] 
 </msg>
<msg timestamp="20210314 21:51:29.576" level="INFO">${MY_CAT_BREED} = &lt;Response [200]&gt;</msg>
<status status="PASS" starttime="20210314 21:51:29.366" endtime="20210314 21:51:29.576"></status>
</kw>
<kw name="Check Response Status Code" library="API_Base_Resources">
<arguments>
<arg>${MY_CAT_BREED}</arg>
</arguments>
<kw name="Should Be True" library="BuiltIn">
<doc>Fails if the given condition is not true.</doc>
<arguments>
<arg>'${RESPONSE.status_code}'=='200' or '${RESPONSE.status_code}'=='201'</arg>
<arg>msg= Request error! Check the status: ${RESPONSE}</arg>
</arguments>
<status status="PASS" starttime="20210314 21:51:29.578" endtime="20210314 21:51:29.579"></status>
</kw>
<status status="PASS" starttime="20210314 21:51:29.577" endtime="20210314 21:51:29.579"></status>
</kw>
<kw name="Get Value From Json" library="JSONLibrary">
<doc>Get Value From JSON using JSONPath</doc>
<arguments>
<arg>${MY_CAT_BREED.json()}</arg>
<arg>$..name</arg>
</arguments>
<assign>
<var>${json_cat_breed}</var>
</assign>
<msg timestamp="20210314 21:51:29.599" level="INFO">${json_cat_breed} = ['Australian Mist']</msg>
<status status="PASS" starttime="20210314 21:51:29.579" endtime="20210314 21:51:29.599"></status>
</kw>
<kw name="Should Be Equal" library="BuiltIn">
<doc>Fails if the given objects are unequal.</doc>
<arguments>
<arg>${json_cat_breed[0]}</arg>
<arg>${breed}</arg>
<arg>msg= Wrong breed name! Check the corret breed name.</arg>
</arguments>
<status status="PASS" starttime="20210314 21:51:29.599" endtime="20210314 21:51:29.599"></status>
</kw>
<kw name="Log" library="BuiltIn">
<doc>Logs the given message with the given level.</doc>
<arguments>
<arg>Cat breed info: ${json_cat_breed[0]}</arg>
<arg>console=True</arg>
</arguments>
<msg timestamp="20210314 21:51:29.599" level="INFO">Cat breed info: Australian Mist</msg>
<status status="PASS" starttime="20210314 21:51:29.599" endtime="20210314 21:51:29.600"></status>
</kw>
<status status="PASS" starttime="20210314 21:51:29.365" endtime="20210314 21:51:29.600"></status>
</kw>
<status status="PASS" starttime="20210314 21:51:29.365" endtime="20210314 21:51:29.600"></status>
</kw>
<tags>
<tag>api</tag>
</tags>
<status status="PASS" starttime="20210314 21:51:29.365" endtime="20210314 21:51:29.600" critical="yes"></status>
</test>
<test id="s1-s1-s1-s2-t9" name="Checking Breed Name Existence: Balinese">
<kw name="Checking Breed Name Template">
<arguments>
<arg>Balinese</arg>
</arguments>
<kw name="GET Cat Breed By Name &quot;${breed}&quot;" library="API_Breed_Endpoint">
<kw name="Create Dictionary" library="BuiltIn">
<doc>Creates and returns a dictionary based on the given ``items``.</doc>
<arguments>
<arg>q=${breed}</arg>
</arguments>
<assign>
<var>&amp;{PARAMS}</var>
</assign>
<msg timestamp="20210314 21:51:29.602" level="INFO">&amp;{PARAMS} = { q=Balinese }</msg>
<status status="PASS" starttime="20210314 21:51:29.602" endtime="20210314 21:51:29.602"></status>
</kw>
<kw name="Get On Session" library="RequestsLibrary">
<doc>Sends a GET request on a previously created HTTP Session.</doc>
<arguments>
<arg>alias=${API_ALIAS}</arg>
<arg>url=${PATH_BREED_SEARCH}</arg>
<arg>params=${PARAMS}</arg>
</arguments>
<assign>
<var>${MY_CAT_BREED}</var>
</assign>
<msg timestamp="20210314 21:51:29.812" level="INFO">GET Request : url=https://api.thecatapi.com/v1/breeds/search?q=Balinese 
 path_url=/v1/breeds/search?q=Balinese 
 headers={'User-Agent': 'python-requests/2.25.1', 'Accept-Encoding': 'gzip, deflate', 'Accept': '*/*', 'Connection': 'keep-alive'} 
 body=None 
 </msg>
<msg timestamp="20210314 21:51:29.813" level="INFO">GET Response : url=https://api.thecatapi.com/v1/breeds/search?q=Balinese 
 status=200, reason=OK 
 headers={'Date': 'Mon, 15 Mar 2021 00:51:40 GMT', 'Content-Type': 'application/json; charset=utf-8', 'Content-Length': '1132', 'Connection': 'keep-alive', 'Server': 'nginx/1.18.0', 'X-DNS-Prefetch-Control': 'off', 'X-Frame-Options': 'SAMEORIGIN', 'Strict-Transport-Security': 'max-age=15552000; includeSubDomains', 'X-Download-Options': 'noopen', 'X-Content-Type-Options': 'nosniff', 'X-XSS-Protection': '1; mode=block', 'Vary': 'Origin', 'X-Response-Time': '2ms'} 
 body=[{"weight":{"imperial":"4 - 10","metric":"2 - 5"},"id":"bali","name":"Balinese","cfa_url":"http://cfa.org/Breeds/BreedsAB/Balinese.aspx","vetstreet_url":"http://www.vetstreet.com/cats/balinese","vcahospitals_url":"https://vcahospitals.com/know-your-pet/cat-breeds/balinese","temperament":"Affectionate, Intelligent, Playful","origin":"United States","country_codes":"US","country_code":"US","description":"Balinese are curious, outgoing, intelligent cats with excellent communication skills. They are known for their chatty personalities and are always eager to tell you their views on life, love, and what you’ve served them for dinner. ","life_span":"10 - 15","indoor":0,"alt_names":"Long-haired Siamese","adaptability":5,"affection_level":5,"child_friendly":4,"dog_friendly":5,"energy_level":5,"grooming":3,"health_issues":3,"intelligence":5,"shedding_level":3,"social_needs":5,"stranger_friendly":5,"vocalisation":5,"experimental":0,"hairless":0,"natural":0,"rare":0,"rex":0,"suppressed_tail":0,"short_legs":0,"wikipedia_url":"https://en.wikipedia.org/wiki/Balinese_(cat)","hypoallergenic":1,"reference_image_id":"13MkvUreZ"}] 
 </msg>
<msg timestamp="20210314 21:51:29.813" level="INFO">${MY_CAT_BREED} = &lt;Response [200]&gt;</msg>
<status status="PASS" starttime="20210314 21:51:29.602" endtime="20210314 21:51:29.813"></status>
</kw>
<kw name="Check Response Status Code" library="API_Base_Resources">
<arguments>
<arg>${MY_CAT_BREED}</arg>
</arguments>
<kw name="Should Be True" library="BuiltIn">
<doc>Fails if the given condition is not true.</doc>
<arguments>
<arg>'${RESPONSE.status_code}'=='200' or '${RESPONSE.status_code}'=='201'</arg>
<arg>msg= Request error! Check the status: ${RESPONSE}</arg>
</arguments>
<status status="PASS" starttime="20210314 21:51:29.815" endtime="20210314 21:51:29.818"></status>
</kw>
<status status="PASS" starttime="20210314 21:51:29.814" endtime="20210314 21:51:29.818"></status>
</kw>
<kw name="Get Value From Json" library="JSONLibrary">
<doc>Get Value From JSON using JSONPath</doc>
<arguments>
<arg>${MY_CAT_BREED.json()}</arg>
<arg>$..name</arg>
</arguments>
<assign>
<var>${json_cat_breed}</var>
</assign>
<msg timestamp="20210314 21:51:29.847" level="INFO">${json_cat_breed} = ['Balinese']</msg>
<status status="PASS" starttime="20210314 21:51:29.819" endtime="20210314 21:51:29.847"></status>
</kw>
<kw name="Should Be Equal" library="BuiltIn">
<doc>Fails if the given objects are unequal.</doc>
<arguments>
<arg>${json_cat_breed[0]}</arg>
<arg>${breed}</arg>
<arg>msg= Wrong breed name! Check the corret breed name.</arg>
</arguments>
<status status="PASS" starttime="20210314 21:51:29.848" endtime="20210314 21:51:29.848"></status>
</kw>
<kw name="Log" library="BuiltIn">
<doc>Logs the given message with the given level.</doc>
<arguments>
<arg>Cat breed info: ${json_cat_breed[0]}</arg>
<arg>console=True</arg>
</arguments>
<msg timestamp="20210314 21:51:29.848" level="INFO">Cat breed info: Balinese</msg>
<status status="PASS" starttime="20210314 21:51:29.848" endtime="20210314 21:51:29.848"></status>
</kw>
<status status="PASS" starttime="20210314 21:51:29.602" endtime="20210314 21:51:29.848"></status>
</kw>
<status status="PASS" starttime="20210314 21:51:29.601" endtime="20210314 21:51:29.848"></status>
</kw>
<tags>
<tag>api</tag>
</tags>
<status status="PASS" starttime="20210314 21:51:29.601" endtime="20210314 21:51:29.848" critical="yes"></status>
</test>
<test id="s1-s1-s1-s2-t10" name="Checking Breed Name Existence: Bambino">
<kw name="Checking Breed Name Template">
<arguments>
<arg>Bambino</arg>
</arguments>
<kw name="GET Cat Breed By Name &quot;${breed}&quot;" library="API_Breed_Endpoint">
<kw name="Create Dictionary" library="BuiltIn">
<doc>Creates and returns a dictionary based on the given ``items``.</doc>
<arguments>
<arg>q=${breed}</arg>
</arguments>
<assign>
<var>&amp;{PARAMS}</var>
</assign>
<msg timestamp="20210314 21:51:29.851" level="INFO">&amp;{PARAMS} = { q=Bambino }</msg>
<status status="PASS" starttime="20210314 21:51:29.850" endtime="20210314 21:51:29.851"></status>
</kw>
<kw name="Get On Session" library="RequestsLibrary">
<doc>Sends a GET request on a previously created HTTP Session.</doc>
<arguments>
<arg>alias=${API_ALIAS}</arg>
<arg>url=${PATH_BREED_SEARCH}</arg>
<arg>params=${PARAMS}</arg>
</arguments>
<assign>
<var>${MY_CAT_BREED}</var>
</assign>
<msg timestamp="20210314 21:51:30.058" level="INFO">GET Request : url=https://api.thecatapi.com/v1/breeds/search?q=Bambino 
 path_url=/v1/breeds/search?q=Bambino 
 headers={'User-Agent': 'python-requests/2.25.1', 'Accept-Encoding': 'gzip, deflate', 'Accept': '*/*', 'Connection': 'keep-alive'} 
 body=None 
 </msg>
<msg timestamp="20210314 21:51:30.058" level="INFO">GET Response : url=https://api.thecatapi.com/v1/breeds/search?q=Bambino 
 status=200, reason=OK 
 headers={'Date': 'Mon, 15 Mar 2021 00:51:40 GMT', 'Content-Type': 'application/json; charset=utf-8', 'Content-Length': '951', 'Connection': 'keep-alive', 'Server': 'nginx/1.18.0', 'X-DNS-Prefetch-Control': 'off', 'X-Frame-Options': 'SAMEORIGIN', 'Strict-Transport-Security': 'max-age=15552000; includeSubDomains', 'X-Download-Options': 'noopen', 'X-Content-Type-Options': 'nosniff', 'X-XSS-Protection': '1; mode=block', 'Vary': 'Origin', 'X-Response-Time': '2ms'} 
 body=[{"weight":{"imperial":"4 - 9","metric":"2 - 4"},"id":"bamb","name":"Bambino","temperament":"Affectionate, Lively, Friendly, Intelligent","origin":"United States","country_codes":"US","country_code":"US","description":"The Bambino is a breed of cat that was created as a cross between the Sphynx and the Munchkin breeds. The Bambino cat has short legs, large upright ears, and is usually hairless. They love to be handled and cuddled up on the laps of their family members.","life_span":"12 - 14","indoor":0,"lap":1,"alt_names":"","adaptability":5,"affection_level":5,"child_friendly":4,"dog_friendly":5,"energy_level":5,"grooming":1,"health_issues":1,"intelligence":5,"shedding_level":1,"social_needs":3,"stranger_friendly":3,"vocalisation":3,"experimental":1,"hairless":1,"natural":0,"rare":0,"rex":0,"suppressed_tail":0,"short_legs":1,"wikipedia_url":"https://en.wikipedia.org/wiki/Bambino_cat","hypoallergenic":0,"reference_image_id":"5AdhMjeEu"}] 
 </msg>
<msg timestamp="20210314 21:51:30.059" level="INFO">${MY_CAT_BREED} = &lt;Response [200]&gt;</msg>
<status status="PASS" starttime="20210314 21:51:29.851" endtime="20210314 21:51:30.059"></status>
</kw>
<kw name="Check Response Status Code" library="API_Base_Resources">
<arguments>
<arg>${MY_CAT_BREED}</arg>
</arguments>
<kw name="Should Be True" library="BuiltIn">
<doc>Fails if the given condition is not true.</doc>
<arguments>
<arg>'${RESPONSE.status_code}'=='200' or '${RESPONSE.status_code}'=='201'</arg>
<arg>msg= Request error! Check the status: ${RESPONSE}</arg>
</arguments>
<status status="PASS" starttime="20210314 21:51:30.061" endtime="20210314 21:51:30.062"></status>
</kw>
<status status="PASS" starttime="20210314 21:51:30.059" endtime="20210314 21:51:30.062"></status>
</kw>
<kw name="Get Value From Json" library="JSONLibrary">
<doc>Get Value From JSON using JSONPath</doc>
<arguments>
<arg>${MY_CAT_BREED.json()}</arg>
<arg>$..name</arg>
</arguments>
<assign>
<var>${json_cat_breed}</var>
</assign>
<msg timestamp="20210314 21:51:30.080" level="INFO">${json_cat_breed} = ['Bambino']</msg>
<status status="PASS" starttime="20210314 21:51:30.062" endtime="20210314 21:51:30.080"></status>
</kw>
<kw name="Should Be Equal" library="BuiltIn">
<doc>Fails if the given objects are unequal.</doc>
<arguments>
<arg>${json_cat_breed[0]}</arg>
<arg>${breed}</arg>
<arg>msg= Wrong breed name! Check the corret breed name.</arg>
</arguments>
<status status="PASS" starttime="20210314 21:51:30.080" endtime="20210314 21:51:30.081"></status>
</kw>
<kw name="Log" library="BuiltIn">
<doc>Logs the given message with the given level.</doc>
<arguments>
<arg>Cat breed info: ${json_cat_breed[0]}</arg>
<arg>console=True</arg>
</arguments>
<msg timestamp="20210314 21:51:30.081" level="INFO">Cat breed info: Bambino</msg>
<status status="PASS" starttime="20210314 21:51:30.081" endtime="20210314 21:51:30.081"></status>
</kw>
<status status="PASS" starttime="20210314 21:51:29.850" endtime="20210314 21:51:30.081"></status>
</kw>
<status status="PASS" starttime="20210314 21:51:29.850" endtime="20210314 21:51:30.081"></status>
</kw>
<tags>
<tag>api</tag>
</tags>
<status status="PASS" starttime="20210314 21:51:29.849" endtime="20210314 21:51:30.082" critical="yes"></status>
</test>
<test id="s1-s1-s1-s2-t11" name="Checking Breed Name Existence: Bengal">
<kw name="Checking Breed Name Template">
<arguments>
<arg>Bengal</arg>
</arguments>
<kw name="GET Cat Breed By Name &quot;${breed}&quot;" library="API_Breed_Endpoint">
<kw name="Create Dictionary" library="BuiltIn">
<doc>Creates and returns a dictionary based on the given ``items``.</doc>
<arguments>
<arg>q=${breed}</arg>
</arguments>
<assign>
<var>&amp;{PARAMS}</var>
</assign>
<msg timestamp="20210314 21:51:30.085" level="INFO">&amp;{PARAMS} = { q=Bengal }</msg>
<status status="PASS" starttime="20210314 21:51:30.085" endtime="20210314 21:51:30.085"></status>
</kw>
<kw name="Get On Session" library="RequestsLibrary">
<doc>Sends a GET request on a previously created HTTP Session.</doc>
<arguments>
<arg>alias=${API_ALIAS}</arg>
<arg>url=${PATH_BREED_SEARCH}</arg>
<arg>params=${PARAMS}</arg>
</arguments>
<assign>
<var>${MY_CAT_BREED}</var>
</assign>
<msg timestamp="20210314 21:51:30.294" level="INFO">GET Request : url=https://api.thecatapi.com/v1/breeds/search?q=Bengal 
 path_url=/v1/breeds/search?q=Bengal 
 headers={'User-Agent': 'python-requests/2.25.1', 'Accept-Encoding': 'gzip, deflate', 'Accept': '*/*', 'Connection': 'keep-alive'} 
 body=None 
 </msg>
<msg timestamp="20210314 21:51:30.294" level="INFO">GET Response : url=https://api.thecatapi.com/v1/breeds/search?q=Bengal 
 status=200, reason=OK 
 headers={'Date': 'Mon, 15 Mar 2021 00:51:40 GMT', 'Content-Type': 'application/json; charset=utf-8', 'Content-Length': '1149', 'Connection': 'keep-alive', 'Server': 'nginx/1.18.0', 'X-DNS-Prefetch-Control': 'off', 'X-Frame-Options': 'SAMEORIGIN', 'Strict-Transport-Security': 'max-age=15552000; includeSubDomains', 'X-Download-Options': 'noopen', 'X-Content-Type-Options': 'nosniff', 'X-XSS-Protection': '1; mode=block', 'Vary': 'Origin', 'X-Response-Time': '2ms'} 
 body=[{"weight":{"imperial":"6 - 12","metric":"3 - 7"},"id":"beng","name":"Bengal","cfa_url":"http://cfa.org/Breeds/BreedsAB/Bengal.aspx","vetstreet_url":"http://www.vetstreet.com/cats/bengal","vcahospitals_url":"https://vcahospitals.com/know-your-pet/cat-breeds/bengal","temperament":"Alert, Agile, Energetic, Demanding, Intelligent","origin":"United States","country_codes":"US","country_code":"US","description":"Bengals are a lot of fun to live with, but they're definitely not the cat for everyone, or for first-time cat owners. Extremely intelligent, curious and active, they demand a lot of interaction and woe betide the owner who doesn't provide it.","life_span":"12 - 15","indoor":0,"lap":0,"adaptability":5,"affection_level":5,"child_friendly":4,"cat_friendly":4,"dog_friendly":5,"energy_level":5,"grooming":1,"health_issues":3,"intelligence":5,"shedding_level":3,"social_needs":5,"stranger_friendly":3,"vocalisation":5,"bidability":3,"experimental":0,"hairless":0,"natural":0,"rare":0,"rex":0,"suppressed_tail":0,"short_legs":0,"wikipedia_url":"https://en.wikipedia.org/wiki/Bengal_(cat)","hypoallergenic":1,"reference_image_id":"O3btzLlsO"}] 
 </msg>
<msg timestamp="20210314 21:51:30.295" level="INFO">${MY_CAT_BREED} = &lt;Response [200]&gt;</msg>
<status status="PASS" starttime="20210314 21:51:30.086" endtime="20210314 21:51:30.295"></status>
</kw>
<kw name="Check Response Status Code" library="API_Base_Resources">
<arguments>
<arg>${MY_CAT_BREED}</arg>
</arguments>
<kw name="Should Be True" library="BuiltIn">
<doc>Fails if the given condition is not true.</doc>
<arguments>
<arg>'${RESPONSE.status_code}'=='200' or '${RESPONSE.status_code}'=='201'</arg>
<arg>msg= Request error! Check the status: ${RESPONSE}</arg>
</arguments>
<status status="PASS" starttime="20210314 21:51:30.296" endtime="20210314 21:51:30.299"></status>
</kw>
<status status="PASS" starttime="20210314 21:51:30.295" endtime="20210314 21:51:30.299"></status>
</kw>
<kw name="Get Value From Json" library="JSONLibrary">
<doc>Get Value From JSON using JSONPath</doc>
<arguments>
<arg>${MY_CAT_BREED.json()}</arg>
<arg>$..name</arg>
</arguments>
<assign>
<var>${json_cat_breed}</var>
</assign>
<msg timestamp="20210314 21:51:30.329" level="INFO">${json_cat_breed} = ['Bengal']</msg>
<status status="PASS" starttime="20210314 21:51:30.300" endtime="20210314 21:51:30.329"></status>
</kw>
<kw name="Should Be Equal" library="BuiltIn">
<doc>Fails if the given objects are unequal.</doc>
<arguments>
<arg>${json_cat_breed[0]}</arg>
<arg>${breed}</arg>
<arg>msg= Wrong breed name! Check the corret breed name.</arg>
</arguments>
<status status="PASS" starttime="20210314 21:51:30.329" endtime="20210314 21:51:30.329"></status>
</kw>
<kw name="Log" library="BuiltIn">
<doc>Logs the given message with the given level.</doc>
<arguments>
<arg>Cat breed info: ${json_cat_breed[0]}</arg>
<arg>console=True</arg>
</arguments>
<msg timestamp="20210314 21:51:30.330" level="INFO">Cat breed info: Bengal</msg>
<status status="PASS" starttime="20210314 21:51:30.329" endtime="20210314 21:51:30.330"></status>
</kw>
<status status="PASS" starttime="20210314 21:51:30.085" endtime="20210314 21:51:30.330"></status>
</kw>
<status status="PASS" starttime="20210314 21:51:30.085" endtime="20210314 21:51:30.330"></status>
</kw>
<tags>
<tag>api</tag>
</tags>
<status status="PASS" starttime="20210314 21:51:30.084" endtime="20210314 21:51:30.331" critical="yes"></status>
</test>
<test id="s1-s1-s1-s2-t12" name="Checking Breed Name Existence: Birman">
<kw name="Checking Breed Name Template">
<arguments>
<arg>Birman</arg>
</arguments>
<kw name="GET Cat Breed By Name &quot;${breed}&quot;" library="API_Breed_Endpoint">
<kw name="Create Dictionary" library="BuiltIn">
<doc>Creates and returns a dictionary based on the given ``items``.</doc>
<arguments>
<arg>q=${breed}</arg>
</arguments>
<assign>
<var>&amp;{PARAMS}</var>
</assign>
<msg timestamp="20210314 21:51:30.333" level="INFO">&amp;{PARAMS} = { q=Birman }</msg>
<status status="PASS" starttime="20210314 21:51:30.333" endtime="20210314 21:51:30.333"></status>
</kw>
<kw name="Get On Session" library="RequestsLibrary">
<doc>Sends a GET request on a previously created HTTP Session.</doc>
<arguments>
<arg>alias=${API_ALIAS}</arg>
<arg>url=${PATH_BREED_SEARCH}</arg>
<arg>params=${PARAMS}</arg>
</arguments>
<assign>
<var>${MY_CAT_BREED}</var>
</assign>
<msg timestamp="20210314 21:51:30.543" level="INFO">GET Request : url=https://api.thecatapi.com/v1/breeds/search?q=Birman 
 path_url=/v1/breeds/search?q=Birman 
 headers={'User-Agent': 'python-requests/2.25.1', 'Accept-Encoding': 'gzip, deflate', 'Accept': '*/*', 'Connection': 'keep-alive'} 
 body=None 
 </msg>
<msg timestamp="20210314 21:51:30.544" level="INFO">GET Response : url=https://api.thecatapi.com/v1/breeds/search?q=Birman 
 status=200, reason=OK 
 headers={'Date': 'Mon, 15 Mar 2021 00:51:41 GMT', 'Content-Type': 'application/json; charset=utf-8', 'Content-Length': '1253', 'Connection': 'keep-alive', 'Server': 'nginx/1.18.0', 'X-DNS-Prefetch-Control': 'off', 'X-Frame-Options': 'SAMEORIGIN', 'Strict-Transport-Security': 'max-age=15552000; includeSubDomains', 'X-Download-Options': 'noopen', 'X-Content-Type-Options': 'nosniff', 'X-XSS-Protection': '1; mode=block', 'Vary': 'Origin', 'X-Response-Time': '2ms'} 
[...]
<kw name="Aceess Vote Tab" library="Vote_Keywords">
<kw name="Element Should Be Visible" library="SeleniumLibrary">
<doc>Verifies that the element identified by ``locator`` is visible.</doc>
<arguments>
<arg>${LINK_TAB_VOTE}</arg>
</arguments>
<msg timestamp="20210314 21:52:05.634" level="INFO">Element 'xpath://a[@href='#tab-1'][contains(text(),'Vote')]' is displayed.</msg>
<status status="PASS" starttime="20210314 21:52:05.600" endtime="20210314 21:52:05.635"></status>
</kw>
<kw name="Click Element" library="SeleniumLibrary">
<doc>Click the element identified by ``locator``.</doc>
<arguments>
<arg>${LINK_TAB_VOTE}</arg>
</arguments>
<msg timestamp="20210314 21:52:05.636" level="INFO">Clicking element 'xpath://a[@href='#tab-1'][contains(text(),'Vote')]'.</msg>
<status status="PASS" starttime="20210314 21:52:05.635" endtime="20210314 21:52:05.709"></status>
</kw>
<kw name="Wait Until Element Is Visible" library="SeleniumLibrary">
<doc>Waits until the element ``locator`` is visible.</doc>
<arguments>
<arg>${IMG_CAT}</arg>
</arguments>
<status status="PASS" starttime="20210314 21:52:05.709" endtime="20210314 21:52:06.667"></status>
</kw>
<status status="PASS" starttime="20210314 21:52:05.600" endtime="20210314 21:52:06.667"></status>
</kw>
<kw name="Check Current Cat Picture" library="Vote_Keywords">
<assign>
<var>${img_before_fav}</var>
</assign>
<kw name="Get Element Attribute" library="SeleniumLibrary">
<doc>Returns the value of ``attribute`` from the element ``locator``.</doc>
<arguments>
<arg>${IMG_CAT}</arg>
<arg>src</arg>
</arguments>
<assign>
<var>${source_image}</var>
</assign>
<msg timestamp="20210314 21:52:06.677" level="INFO">${source_image} = https://cdn2.thecatapi.com/images/8rj.jpg</msg>
<status status="PASS" starttime="20210314 21:52:06.667" endtime="20210314 21:52:06.677"></status>
</kw>
<kw name="Log" library="BuiltIn">
<doc>Logs the given message with the given level.</doc>
<arguments>
<arg>Cat image source name: ${source_image}</arg>
<arg>console=True</arg>
</arguments>
<msg timestamp="20210314 21:52:06.677" level="INFO">Cat image source name: https://cdn2.thecatapi.com/images/8rj.jpg</msg>
<status status="PASS" starttime="20210314 21:52:06.677" endtime="20210314 21:52:06.677"></status>
</kw>
<msg timestamp="20210314 21:52:06.678" level="INFO">${img_before_fav} = https://cdn2.thecatapi.com/images/8rj.jpg</msg>
<status status="PASS" starttime="20210314 21:52:06.667" endtime="20210314 21:52:06.678"></status>
</kw>
<kw name="Mouse Over" library="SeleniumLibrary">
<doc>Simulates hovering the mouse over the element ``locator``.</doc>
<arguments>
<arg>${IMG_CAT}</arg>
</arguments>
<msg timestamp="20210314 21:52:06.678" level="INFO">Simulating Mouse Over on element 'xpath://img[@src]'.</msg>
<status status="PASS" starttime="20210314 21:52:06.678" endtime="20210314 21:52:06.956"></status>
</kw>
<kw name="Click Element" library="SeleniumLibrary">
<doc>Click the element identified by ``locator``.</doc>
<arguments>
<arg>${BTN_FAVIT}</arg>
</arguments>
<msg timestamp="20210314 21:52:06.957" level="INFO">Clicking element 'xpath://button[@class='v-btn v-btn--large theme--light green']//*[contains(text(),"Fav it")]/..'.</msg>
<status status="PASS" starttime="20210314 21:52:06.956" endtime="20210314 21:52:07.010"></status>
</kw>
<kw name="Wait Until Element Is Visible" library="SeleniumLibrary">
<doc>Waits until the element ``locator`` is visible.</doc>
<arguments>
<arg>${IMG_LOVE_ICON}</arg>
<arg>error="The heart icon should be visible after favorite a new cat"</arg>
</arguments>
<status status="PASS" starttime="20210314 21:52:07.010" endtime="20210314 21:52:07.464"></status>
</kw>
<kw name="Check Current Cat Picture" library="Vote_Keywords">
<assign>
<var>${img_after_fav}</var>
</assign>
<kw name="Get Element Attribute" library="SeleniumLibrary">
<doc>Returns the value of ``attribute`` from the element ``locator``.</doc>
<arguments>
<arg>${IMG_CAT}</arg>
<arg>src</arg>
</arguments>
<assign>
<var>${source_image}</var>
</assign>
<msg timestamp="20210314 21:52:07.475" level="INFO">${source_image} = https://cdn2.thecatapi.com/images/8rj.jpg</msg>
<status status="PASS" starttime="20210314 21:52:07.464" endtime="20210314 21:52:07.475"></status>
</kw>
<kw name="Log" library="BuiltIn">
<doc>Logs the given message with the given level.</doc>
<arguments>
<arg>Cat image source name: ${source_image}</arg>
<arg>console=True</arg>
</arguments>
<msg timestamp="20210314 21:52:07.475" level="INFO">Cat image source name: https://cdn2.thecatapi.com/images/8rj.jpg</msg>
<status status="PASS" starttime="20210314 21:52:07.475" endtime="20210314 21:52:07.476"></status>
</kw>
<msg timestamp="20210314 21:52:07.476" level="INFO">${img_after_fav} = https://cdn2.thecatapi.com/images/8rj.jpg</msg>
<status status="PASS" starttime="20210314 21:52:07.464" endtime="20210314 21:52:07.476"></status>
</kw>
<kw name="Should Be Equal" library="BuiltIn">
<doc>Fails if the given objects are unequal.</doc>
<arguments>
<arg>${img_before_fav}</arg>
<arg>${img_after_fav}</arg>
<arg>msg="The Cat picture should be the same after favoriting, but it was different!"</arg>
</arguments>
<status status="PASS" starttime="20210314 21:52:07.476" endtime="20210314 21:52:07.476"></status>
</kw>
<status status="PASS" starttime="20210314 21:52:05.600" endtime="20210314 21:52:07.477"></status>
</kw>
<status status="PASS" starttime="20210314 21:52:05.599" endtime="20210314 21:52:07.477"></status>
</kw>
<kw name="Unfavorite One Random Cat" library="Vote_Keywords">
<kw name="Check Current Cat Picture" library="Vote_Keywords">
<assign>
<var>${img_before_unfav}</var>
</assign>
<kw name="Get Element Attribute" library="SeleniumLibrary">
<doc>Returns the value of ``attribute`` from the element ``locator``.</doc>
<arguments>
<arg>${IMG_CAT}</arg>
<arg>src</arg>
</arguments>
<assign>
<var>${source_image}</var>
</assign>
<msg timestamp="20210314 21:52:07.491" level="INFO">${source_image} = https://cdn2.thecatapi.com/images/8rj.jpg</msg>
<status status="PASS" starttime="20210314 21:52:07.478" endtime="20210314 21:52:07.491"></status>
</kw>
<kw name="Log" library="BuiltIn">
<doc>Logs the given message with the given level.</doc>
<arguments>
<arg>Cat image source name: ${source_image}</arg>
<arg>console=True</arg>
</arguments>
<msg timestamp="20210314 21:52:07.491" level="INFO">Cat image source name: https://cdn2.thecatapi.com/images/8rj.jpg</msg>
<status status="PASS" starttime="20210314 21:52:07.491" endtime="20210314 21:52:07.492"></status>
</kw>
<msg timestamp="20210314 21:52:07.492" level="INFO">${img_before_unfav} = https://cdn2.thecatapi.com/images/8rj.jpg</msg>
<status status="PASS" starttime="20210314 21:52:07.477" endtime="20210314 21:52:07.492"></status>
</kw>
<kw name="Wait Until Element Is Visible" library="SeleniumLibrary">
<doc>Waits until the element ``locator`` is visible.</doc>
<arguments>
<arg>${BTN_UNFAVIT}</arg>
</arguments>
<status status="PASS" starttime="20210314 21:52:07.492" endtime="20210314 21:52:07.510"></status>
</kw>
<kw name="Click Element" library="SeleniumLibrary">
<doc>Click the element identified by ``locator``.</doc>
<arguments>
<arg>${BTN_UNFAVIT}</arg>
</arguments>
<msg timestamp="20210314 21:52:07.510" level="INFO">Clicking element 'xpath://button[@class='v-btn v-btn--large theme--light red']//*[contains(text(),"Un-Fav it")]/..'.</msg>
<status status="PASS" starttime="20210314 21:52:07.510" endtime="20210314 21:52:07.561"></status>
</kw>
<kw name="Wait Until Element Is Not Visible" library="SeleniumLibrary">
<doc>Waits until the element ``locator`` is not visible.</doc>
<arguments>
<arg>${IMG_LOVE_ICON}</arg>
<arg>error="The heart icon should not be visible after un-favorite the cat"</arg>
</arguments>
<status status="PASS" starttime="20210314 21:52:07.561" endtime="20210314 21:52:08.022"></status>
</kw>
<kw name="Check Current Cat Picture" library="Vote_Keywords">
<assign>
<var>${img_after_unfav}</var>
</assign>
<kw name="Get Element Attribute" library="SeleniumLibrary">
<doc>Returns the value of ``attribute`` from the element ``locator``.</doc>
<arguments>
<arg>${IMG_CAT}</arg>
<arg>src</arg>
</arguments>
<assign>
<var>${source_image}</var>
</assign>
<msg timestamp="20210314 21:52:08.031" level="INFO">${source_image} = https://cdn2.thecatapi.com/images/8rj.jpg</msg>
<status status="PASS" starttime="20210314 21:52:08.023" endtime="20210314 21:52:08.031"></status>
</kw>
<kw name="Log" library="BuiltIn">
<doc>Logs the given message with the given level.</doc>
<arguments>
<arg>Cat image source name: ${source_image}</arg>
<arg>console=True</arg>
</arguments>
<msg timestamp="20210314 21:52:08.031" level="INFO">Cat image source name: https://cdn2.thecatapi.com/images/8rj.jpg</msg>
<status status="PASS" starttime="20210314 21:52:08.031" endtime="20210314 21:52:08.031"></status>
</kw>
<msg timestamp="20210314 21:52:08.031" level="INFO">${img_after_unfav} = https://cdn2.thecatapi.com/images/8rj.jpg</msg>
<status status="PASS" starttime="20210314 21:52:08.023" endtime="20210314 21:52:08.031"></status>
</kw>
<kw name="Should Be Equal" library="BuiltIn">
<doc>Fails if the given objects are unequal.</doc>
<arguments>
<arg>${img_before_unfav}</arg>
<arg>${img_after_unfav}</arg>
<arg>msg="The Cat picture should be the same after un-favoriting, but it was different!"</arg>
</arguments>
<status status="PASS" starttime="20210314 21:52:08.031" endtime="20210314 21:52:08.032"></status>
</kw>
<status status="PASS" starttime="20210314 21:52:07.477" endtime="20210314 21:52:08.032"></status>
</kw>
<tags>
<tag>gui</tag>
</tags>
<status status="PASS" starttime="20210314 21:52:05.598" endtime="20210314 21:52:08.032" critical="yes"></status>
</test>
<kw name="Close CAT Page" library="Setup_Keywords" type="teardown">
<kw name="Close Browser" library="SeleniumLibrary">
<doc>Closes the current browser.</doc>
<status status="PASS" starttime="20210314 21:52:08.033" endtime="20210314 21:52:10.403"></status>
</kw>
<status status="PASS" starttime="20210314 21:52:08.033" endtime="20210314 21:52:10.403"></status>
</kw>
<status status="PASS" starttime="20210314 21:52:00.658" endtime="20210314 21:52:10.403"></status>
</suite>
<suite id="s1-s2-s2-s3" name="Voting Random Cat" source="C:\robot_projects\RF_GUI_API\TestCases\GUI\Voting_Actions\Voting_Random_Cat.robot">
<kw name="Open CAT Page" library="Setup_Keywords" type="setup">
<kw name="Open Browser" library="SeleniumLibrary">
<doc>Opens a new browser instance to the optional ``url``.</doc>
<arguments>
<arg>${SERVER_URL}</arg>
<arg>${BROWSER}</arg>
</arguments>
<msg timestamp="20210314 21:52:10.414" level="INFO">Opening browser 'chrome' to base url 'https://thecatapi.com/'.</msg>
<status status="PASS" starttime="20210314 21:52:10.414" endtime="20210314 21:52:15.269"></status>
</kw>
<kw name="Set Selenium Options" library="Setup_Keywords">
<kw name="Set Selenium Speed" library="SeleniumLibrary">
<doc>Sets the delay that is waited after each Selenium command.</doc>
<arguments>
<arg>${DELAY}</arg>
</arguments>
<status status="PASS" starttime="20210314 21:52:15.270" endtime="20210314 21:52:15.270"></status>
</kw>
<kw name="Set Selenium Timeout" library="SeleniumLibrary">
<doc>Sets the timeout that is used by various keywords.</doc>
<arguments>
<arg>${TIMEOUT}</arg>
</arguments>
<status status="PASS" starttime="20210314 21:52:15.270" endtime="20210314 21:52:15.271"></status>
</kw>
<kw name="Set Selenium Implicit Wait" library="SeleniumLibrary">
<doc>Sets the implicit wait value used by Selenium.</doc>
<arguments>
<arg>${WAIT}</arg>
</arguments>
<status status="PASS" starttime="20210314 21:52:15.271" endtime="20210314 21:52:15.272"></status>
</kw>
<status status="PASS" starttime="20210314 21:52:15.269" endtime="20210314 21:52:15.272"></status>
</kw>
<kw name="Maximize Browser Window" library="SeleniumLibrary">
<doc>Maximizes current browser window.</doc>
<status status="PASS" starttime="20210314 21:52:15.272" endtime="20210314 21:52:15.394"></status>
</kw>
<kw name="Wait Until Element Is Visible" library="SeleniumLibrary">
<doc>Waits until the element ``locator`` is visible.</doc>
<arguments>
<arg>${HEADER_MAIN_PAGE}</arg>
</arguments>
<status status="PASS" starttime="20210314 21:52:15.394" endtime="20210314 21:52:15.426"></status>
</kw>
<status status="PASS" starttime="20210314 21:52:10.414" endtime="20210314 21:52:15.426"></status>
</kw>
<test id="s1-s2-s2-s3-t1" name="Voting In One Random Cat Once">
<kw name="Voting In Random Cat" library="Vote_Keywords">
<kw name="Aceess Vote Tab" library="Vote_Keywords">
<kw name="Element Should Be Visible" library="SeleniumLibrary">
<doc>Verifies that the element identified by ``locator`` is visible.</doc>
<arguments>
<arg>${LINK_TAB_VOTE}</arg>
</arguments>
<msg timestamp="20210314 21:52:15.454" level="INFO">Element 'xpath://a[@href='#tab-1'][contains(text(),'Vote')]' is displayed.</msg>
<status status="PASS" starttime="20210314 21:52:15.427" endtime="20210314 21:52:15.454"></status>
</kw>
<kw name="Click Element" library="SeleniumLibrary">
<doc>Click the element identified by ``locator``.</doc>
<arguments>
<arg>${LINK_TAB_VOTE}</arg>
</arguments>
<msg timestamp="20210314 21:52:15.454" level="INFO">Clicking element 'xpath://a[@href='#tab-1'][contains(text(),'Vote')]'.</msg>
<status status="PASS" starttime="20210314 21:52:15.454" endtime="20210314 21:52:15.505"></status>
</kw>
<kw name="Wait Until Element Is Visible" library="SeleniumLibrary">
<doc>Waits until the element ``locator`` is visible.</doc>
<arguments>
<arg>${IMG_CAT}</arg>
</arguments>
<status status="PASS" starttime="20210314 21:52:15.506" endtime="20210314 21:52:17.572"></status>
</kw>
<status status="PASS" starttime="20210314 21:52:15.427" endtime="20210314 21:52:17.573"></status>
</kw>
<kw name="Check Current Cat Picture" library="Vote_Keywords">
<assign>
<var>${img_before_voting}</var>
</assign>
<kw name="Get Element Attribute" library="SeleniumLibrary">
<doc>Returns the value of ``attribute`` from the element ``locator``.</doc>
<arguments>
<arg>${IMG_CAT}</arg>
<arg>src</arg>
</arguments>
<assign>
<var>${source_image}</var>
</assign>
<msg timestamp="20210314 21:52:17.583" level="INFO">${source_image} = https://cdn2.thecatapi.com/images/75q.jpg</msg>
<status status="PASS" starttime="20210314 21:52:17.573" endtime="20210314 21:52:17.584"></status>
</kw>
<kw name="Log" library="BuiltIn">
<doc>Logs the given message with the given level.</doc>
<arguments>
<arg>Cat image source name: ${source_image}</arg>
<arg>console=True</arg>
</arguments>
<msg timestamp="20210314 21:52:17.584" level="INFO">Cat image source name: https://cdn2.thecatapi.com/images/75q.jpg</msg>
<status status="PASS" starttime="20210314 21:52:17.584" endtime="20210314 21:52:17.584"></status>
</kw>
<msg timestamp="20210314 21:52:17.584" level="INFO">${img_before_voting} = https://cdn2.thecatapi.com/images/75q.jpg</msg>
<status status="PASS" starttime="20210314 21:52:17.573" endtime="20210314 21:52:17.584"></status>
</kw>
<kw name="Click Element" library="SeleniumLibrary">
<doc>Click the element identified by ``locator``.</doc>
<arguments>
<arg>${BTN_LOVEIT}</arg>
</arguments>
<msg timestamp="20210314 21:52:17.584" level="INFO">Clicking element 'xpath://button[@class='v-btn theme--light green']//*[contains(text(),"Love it")]/..'.</msg>
<status status="PASS" starttime="20210314 21:52:17.584" endtime="20210314 21:52:17.619"></status>
</kw>
<kw name="Sleep" library="BuiltIn">
<doc>Pauses the test executed for the given time.</doc>
<arguments>
<arg>3</arg>
</arguments>
<msg timestamp="20210314 21:52:20.627" level="INFO">Slept 3 seconds</msg>
<status status="PASS" starttime="20210314 21:52:17.619" endtime="20210314 21:52:20.627"></status>
</kw>
<kw name="Check Current Cat Picture" library="Vote_Keywords">
<assign>
<var>${img_after_voting}</var>
</assign>
<kw name="Get Element Attribute" library="SeleniumLibrary">
<doc>Returns the value of ``attribute`` from the element ``locator``.</doc>
<arguments>
<arg>${IMG_CAT}</arg>
<arg>src</arg>
</arguments>
<assign>
<var>${source_image}</var>
</assign>
<msg timestamp="20210314 21:52:20.637" level="INFO">${source_image} = https://cdn2.thecatapi.com/images/bg5.jpg</msg>
<status status="PASS" starttime="20210314 21:52:20.627" endtime="20210314 21:52:20.637"></status>
</kw>
<kw name="Log" library="BuiltIn">
<doc>Logs the given message with the given level.</doc>
<arguments>
<arg>Cat image source name: ${source_image}</arg>
<arg>console=True</arg>
</arguments>
<msg timestamp="20210314 21:52:20.638" level="INFO">Cat image source name: https://cdn2.thecatapi.com/images/bg5.jpg</msg>
<status status="PASS" starttime="20210314 21:52:20.637" endtime="20210314 21:52:20.638"></status>
</kw>
<msg timestamp="20210314 21:52:20.638" level="INFO">${img_after_voting} = https://cdn2.thecatapi.com/images/bg5.jpg</msg>
<status status="PASS" starttime="20210314 21:52:20.627" endtime="20210314 21:52:20.638"></status>
</kw>
<kw name="Should Not Be Equal" library="BuiltIn">
<doc>Fails if the given objects are equal.</doc>
<arguments>
<arg>${img_before_voting}</arg>
<arg>${img_after_voting}</arg>
<arg>msg="The Cat picture should be different after voting, but it was the same!"</arg>
</arguments>
<status status="PASS" starttime="20210314 21:52:20.638" endtime="20210314 21:52:20.638"></status>
</kw>
<status status="PASS" starttime="20210314 21:52:15.427" endtime="20210314 21:52:20.638"></status>
</kw>
<tags>
<tag>gui</tag>
</tags>
<status status="PASS" starttime="20210314 21:52:15.426" endtime="20210314 21:52:20.639" critical="yes"></status>
</test>
<kw name="Close CAT Page" library="Setup_Keywords" type="teardown">
<kw name="Close Browser" library="SeleniumLibrary">
<doc>Closes the current browser.</doc>
<status status="PASS" starttime="20210314 21:52:20.640" endtime="20210314 21:52:22.961"></status>
</kw>
<status status="PASS" starttime="20210314 21:52:20.640" endtime="20210314 21:52:22.962"></status>
</kw>
<status status="PASS" starttime="20210314 21:52:10.405" endtime="20210314 21:52:22.962"></status>
</suite>
<status status="PASS" starttime="20210314 21:51:51.401" endtime="20210314 21:52:22.972"></status>
</suite>
<status status="PASS" starttime="20210314 21:51:43.616" endtime="20210314 21:52:22.977"></status>
</suite>
<status status="PASS" starttime="20210314 21:51:25.129" endtime="20210314 21:52:22.983"></status>
</suite>
<statistics>
<total>
<stat pass="72" fail="0">Critical Tests</stat>
<stat pass="72" fail="0">All Tests</stat>
</total>
<tag>
<stat pass="68" fail="0">api</stat>
<stat pass="4" fail="0">gui</stat>
</tag>
<suite>
<stat pass="72" fail="0" id="s1" name="TestCases">TestCases</stat>
<stat pass="68" fail="0" id="s1-s1" name="API">TestCases.API</stat>
<stat pass="68" fail="0" id="s1-s1-s1" name="Breeds">TestCases.API.Breeds</stat>
<stat pass="1" fail="0" id="s1-s1-s1-s1" name="GET Breeds">TestCases.API.Breeds.GET Breeds</stat>
<stat pass="67" fail="0" id="s1-s1-s1-s2" name="GET Breeds Name Check">TestCases.API.Breeds.GET Breeds Name Check</stat>
<stat pass="4" fail="0" id="s1-s2" name="GUI">TestCases.GUI</stat>
<stat pass="1" fail="0" id="s1-s2-s1" name="Breeds Actions">TestCases.GUI.Breeds Actions</stat>
<stat pass="1" fail="0" id="s1-s2-s1-s1" name="Filter New Breed">TestCases.GUI.Breeds Actions.Filter New Breed</stat>
<stat pass="3" fail="0" id="s1-s2-s2" name="Voting Actions">TestCases.GUI.Voting Actions</stat>
<stat pass="1" fail="0" id="s1-s2-s2-s1" name="Favorite Random Cat">TestCases.GUI.Voting Actions.Favorite Random Cat</stat>
<stat pass="1" fail="0" id="s1-s2-s2-s2" name="Unfavorite Random Cat">TestCases.GUI.Voting Actions.Unfavorite Random Cat</stat>
<stat pass="1" fail="0" id="s1-s2-s2-s3" name="Voting Random Cat">TestCases.GUI.Voting Actions.Voting Random Cat</stat>
</suite>
</statistics>
<errors>
<msg timestamp="20210314 21:51:37.461" level="WARN">Multiple test cases with name 'Checking Breed Name Existence: Himalayan' executed in test suite 'TestCases.API.Breeds.GET Breeds Name Check'.</msg>
</errors>
</robot>
